<?xml version="1.0" encoding="utf-8"?><testsuites name="pytest tests"><testsuite name="pytest" errors="17" failures="6" skipped="0" tests="184" time="94.942" timestamp="2025-07-10T21:51:05.210311+02:00" hostname="Ishans-MacBook-Pro.local"><testcase classname="tests.test-python.controller.test_api_admin_auth" name="test_api_admin_access_is_granted[GET__user_]" time="0.377" /><testcase classname="tests.test-python.controller.test_api_admin_auth" name="test_api_admin_access_is_granted[GET__user_1]" time="0.355" /><testcase classname="tests.test-python.controller.test_api_admin_auth" name="test_api_admin_access_is_granted[POST__user_]" time="0.389" /><testcase classname="tests.test-python.controller.test_api_admin_auth" name="test_api_admin_access_is_granted[PUT__user_1]" time="0.346" /><testcase classname="tests.test-python.controller.test_api_admin_auth" name="test_api_admin_access_is_granted[GET__cafeteria_]" time="0.340" /><testcase classname="tests.test-python.controller.test_api_admin_auth" name="test_api_admin_access_is_granted[GET__cafeteria_1]" time="0.341" /><testcase classname="tests.test-python.controller.test_api_admin_auth" name="test_api_admin_access_is_granted[POST__cafeteria_]" time="0.346" /><testcase classname="tests.test-python.controller.test_api_admin_auth" name="test_api_admin_access_is_granted[PUT__cafeteria_1]" time="0.340" /><testcase classname="tests.test-python.controller.test_api_admin_auth" name="test_api_admin_access_is_granted[GET__dish_]" time="0.344" /><testcase classname="tests.test-python.controller.test_api_admin_auth" name="test_api_admin_access_is_granted[GET__dish_1]" time="0.343" /><testcase classname="tests.test-python.controller.test_api_admin_auth" name="test_api_admin_access_is_granted[POST__dish_]" time="0.342" /><testcase classname="tests.test-python.controller.test_api_admin_auth" name="test_api_admin_access_is_granted[PUT__dish_1]" time="0.344" /><testcase classname="tests.test-python.controller.test_api_admin_auth" name="test_api_admin_access_is_granted[GET__daily-menu_]" time="0.368" /><testcase classname="tests.test-python.controller.test_api_admin_auth" name="test_api_admin_access_is_granted[GET__daily-menu_1]" time="0.351" /><testcase classname="tests.test-python.controller.test_api_admin_auth" name="test_api_admin_access_is_granted[GET__daily-menu_by-cafeteria_1]" time="0.342" /><testcase classname="tests.test-python.controller.test_api_admin_auth" name="test_api_admin_access_is_granted[POST__daily-menu_]" time="0.345" /><testcase classname="tests.test-python.controller.test_api_admin_auth" name="test_api_admin_access_is_granted[GET__daily-menu-item_by-menu_1]" time="0.343" /><testcase classname="tests.test-python.controller.test_api_admin_auth" name="test_api_admin_access_is_granted[POST__daily-menu-item_]" time="0.341" /><testcase classname="tests.test-python.controller.test_api_admin_auth" name="test_api_admin_access_is_granted[GET__order-item_]" time="0.342" /><testcase classname="tests.test-python.controller.test_api_admin_auth" name="test_admin_can_get_existing_reservation_and_item" time="0.346" /><testcase classname="tests.test-python.controller.test_api_auth" name="test_api_user_access_is_granted[Voir son propre profil]" time="0.345"><error message="failed on setup with &quot;AssertionError: La page après login ne semble pas être le dashboard utilisateur.&#10;assert (b'Mon Tableau de Bord' in b'\n\n\n&lt;!DOCTYPE html&gt;\n&lt;html lang=&quot;en&quot;&gt;\n\n&lt;head&gt;\n    &lt;meta charset=&quot;UTF-8&quot;&gt;\n    &lt;meta name=&quot;viewport&quot; content=&quot;width=device-width, initial-scale=1.0&quot;&gt;\n    &lt;title&gt;AR - University Meal Ordering&lt;/title&gt;\n    &lt;link rel=&quot;icon&quot; href=&quot;data:;base64,iVBORw0KGgo=&quot;&gt;\n    \n    &lt;!--\n      1. This anti-flicker script runs immediately to set the \'dark\' class on the &lt;html&gt; element\n         based on localStorage before the page content renders.\n    --&gt;\n    &lt;script&gt;\n      if (localStorage.theme === \'dark\' || (!(\'theme\' in localStorage) &amp;&amp; window.matchMedia(\'(prefers-color-scheme: dark)\').matches)) {\n        document.documentElement.classList.add(\'dark\')\n      } else {\n        document.documentElement.classList.remove(\'dark\')\n      }\n    &lt;/script&gt;\n\n    &lt;!--\n      2. Load Tailwind CSS from CDN\n    --&gt;\n    &lt;script src=&quot;https://cdn.tailwindcss.com&quot;&gt;&lt;/script&gt;\n    \n    &lt;!--\n      3. Configure Tailwind AFTER it loads\n    --&gt;\n    &lt;script&gt;\n      tailwind.config = {\n        darkMode: \'class\'\n      }\n    &lt;/script&gt;\n\n    &lt;script src=&quot;https://unpkg.com/htmx.org@2.0.0&quot;&gt;&lt;/script&gt;\n    &lt;script defer src=&quot;https://cdn.jsdelivr.net/npm/alpinejs@3.x.x/dist/cdn.min.js&quot;&gt;&lt;/s...\n                return `${MONTH_NAMES[date.getMonth()]} ${date.getDate()}, ${date.getFullYear()}`;\n            },\n\n            changeMonth(amount) {\n                this.month += amount;\n                if (this.month &lt; 0) {\n                    this.month = 11;\n                    this.year--;\n                } else if (this.month &gt; 11) {\n                    this.month = 0;\n                    this.year++;\n                }\n                this.getDaysInMonth();\n            }\n        }\n    }\n\n    function themeSwitcher() {\n        return {\n            // The initial state is based on the class set by the anti-flicker script.\n            darkMode: document.documentElement.classList.contains(\'dark\'),\n            toggle() {\n                this.darkMode = !this.darkMode;\n                localStorage.setItem(\'theme\', this.darkMode ? \'dark\' : \'light\');\n                if (this.darkMode) {\n                    document.documentElement.classList.add(\'dark\');\n                } else {\n                    document.documentElement.classList.remove(\'dark\');\n                }\n            }\n        }\n    }\n    &lt;/script&gt;\n\n    \n&lt;/body&gt;\n\n&lt;/html&gt;\n' or b'Mon Panier' in b'\n\n\n&lt;!DOCTYPE html&gt;\n&lt;html lang=&quot;en&quot;&gt;\n\n&lt;head&gt;\n    &lt;meta charset=&quot;UTF-8&quot;&gt;\n    &lt;meta name=&quot;viewport&quot; content=&quot;width=device-width, initial-scale=1.0&quot;&gt;\n    &lt;title&gt;AR - University Meal Ordering&lt;/title&gt;\n    &lt;link rel=&quot;icon&quot; href=&quot;data:;base64,iVBORw0KGgo=&quot;&gt;\n    \n    &lt;!--\n      1. This anti-flicker script runs immediately to set the \'dark\' class on the &lt;html&gt; element\n         based on localStorage before the page content renders.\n    --&gt;\n    &lt;script&gt;\n      if (localStorage.theme === \'dark\' || (!(\'theme\' in localStorage) &amp;&amp; window.matchMedia(\'(prefers-color-scheme: dark)\').matches)) {\n        document.documentElement.classList.add(\'dark\')\n      } else {\n        document.documentElement.classList.remove(\'dark\')\n      }\n    &lt;/script&gt;\n\n    &lt;!--\n      2. Load Tailwind CSS from CDN\n    --&gt;\n    &lt;script src=&quot;https://cdn.tailwindcss.com&quot;&gt;&lt;/script&gt;\n    \n    &lt;!--\n      3. Configure Tailwind AFTER it loads\n    --&gt;\n    &lt;script&gt;\n      tailwind.config = {\n        darkMode: \'class\'\n      }\n    &lt;/script&gt;\n\n    &lt;script src=&quot;https://unpkg.com/htmx.org@2.0.0&quot;&gt;&lt;/script&gt;\n    &lt;script defer src=&quot;https://cdn.jsdelivr.net/npm/alpinejs@3.x.x/dist/cdn.min.js&quot;&gt;&lt;/s...\n                return `${MONTH_NAMES[date.getMonth()]} ${date.getDate()}, ${date.getFullYear()}`;\n            },\n\n            changeMonth(amount) {\n                this.month += amount;\n                if (this.month &lt; 0) {\n                    this.month = 11;\n                    this.year--;\n                } else if (this.month &gt; 11) {\n                    this.month = 0;\n                    this.year++;\n                }\n                this.getDaysInMonth();\n            }\n        }\n    }\n\n    function themeSwitcher() {\n        return {\n            // The initial state is based on the class set by the anti-flicker script.\n            darkMode: document.documentElement.classList.contains(\'dark\'),\n            toggle() {\n                this.darkMode = !this.darkMode;\n                localStorage.setItem(\'theme\', this.darkMode ? \'dark\' : \'light\');\n                if (this.darkMode) {\n                    document.documentElement.classList.add(\'dark\');\n                } else {\n                    document.documentElement.classList.remove(\'dark\');\n                }\n            }\n        }\n    }\n    &lt;/script&gt;\n\n    \n&lt;/body&gt;\n\n&lt;/html&gt;\n')&#10; +  where b'\n\n\n&lt;!DOCTYPE html&gt;\n&lt;html lang=&quot;en&quot;&gt;\n\n&lt;head&gt;\n    &lt;meta charset=&quot;UTF-8&quot;&gt;\n    &lt;meta name=&quot;viewport&quot; content=&quot;width=device-width, initial-scale=1.0&quot;&gt;\n    &lt;title&gt;AR - University Meal Ordering&lt;/title&gt;\n    &lt;link rel=&quot;icon&quot; href=&quot;data:;base64,iVBORw0KGgo=&quot;&gt;\n    \n    &lt;!--\n      1. This anti-flicker script runs immediately to set the \'dark\' class on the &lt;html&gt; element\n         based on localStorage before the page content renders.\n    --&gt;\n    &lt;script&gt;\n      if (localStorage.theme === \'dark\' || (!(\'theme\' in localStorage) &amp;&amp; window.matchMedia(\'(prefers-color-scheme: dark)\').matches)) {\n        document.documentElement.classList.add(\'dark\')\n      } else {\n        document.documentElement.classList.remove(\'dark\')\n      }\n    &lt;/script&gt;\n\n    &lt;!--\n      2. Load Tailwind CSS from CDN\n    --&gt;\n    &lt;script src=&quot;https://cdn.tailwindcss.com&quot;&gt;&lt;/script&gt;\n    \n    &lt;!--\n      3. Configure Tailwind AFTER it loads\n    --&gt;\n    &lt;script&gt;\n      tailwind.config = {\n        darkMode: \'class\'\n      }\n    &lt;/script&gt;\n\n    &lt;script src=&quot;https://unpkg.com/htmx.org@2.0.0&quot;&gt;&lt;/script&gt;\n    &lt;script defer src=&quot;https://cdn.jsdelivr.net/npm/alpinejs@3.x.x/dist/cdn.min.js&quot;&gt;&lt;/s...\n                return `${MONTH_NAMES[date.getMonth()]} ${date.getDate()}, ${date.getFullYear()}`;\n            },\n\n            changeMonth(amount) {\n                this.month += amount;\n                if (this.month &lt; 0) {\n                    this.month = 11;\n                    this.year--;\n                } else if (this.month &gt; 11) {\n                    this.month = 0;\n                    this.year++;\n                }\n                this.getDaysInMonth();\n            }\n        }\n    }\n\n    function themeSwitcher() {\n        return {\n            // The initial state is based on the class set by the anti-flicker script.\n            darkMode: document.documentElement.classList.contains(\'dark\'),\n            toggle() {\n                this.darkMode = !this.darkMode;\n                localStorage.setItem(\'theme\', this.darkMode ? \'dark\' : \'light\');\n                if (this.darkMode) {\n                    document.documentElement.classList.add(\'dark\');\n                } else {\n                    document.documentElement.classList.remove(\'dark\');\n                }\n            }\n        }\n    }\n    &lt;/script&gt;\n\n    \n&lt;/body&gt;\n\n&lt;/html&gt;\n' = &lt;WrapperTestResponse 18632 bytes [200 OK]&gt;.data&#10; +  and   b'\n\n\n&lt;!DOCTYPE html&gt;\n&lt;html lang=&quot;en&quot;&gt;\n\n&lt;head&gt;\n    &lt;meta charset=&quot;UTF-8&quot;&gt;\n    &lt;meta name=&quot;viewport&quot; content=&quot;width=device-width, initial-scale=1.0&quot;&gt;\n    &lt;title&gt;AR - University Meal Ordering&lt;/title&gt;\n    &lt;link rel=&quot;icon&quot; href=&quot;data:;base64,iVBORw0KGgo=&quot;&gt;\n    \n    &lt;!--\n      1. This anti-flicker script runs immediately to set the \'dark\' class on the &lt;html&gt; element\n         based on localStorage before the page content renders.\n    --&gt;\n    &lt;script&gt;\n      if (localStorage.theme === \'dark\' || (!(\'theme\' in localStorage) &amp;&amp; window.matchMedia(\'(prefers-color-scheme: dark)\').matches)) {\n        document.documentElement.classList.add(\'dark\')\n      } else {\n        document.documentElement.classList.remove(\'dark\')\n      }\n    &lt;/script&gt;\n\n    &lt;!--\n      2. Load Tailwind CSS from CDN\n    --&gt;\n    &lt;script src=&quot;https://cdn.tailwindcss.com&quot;&gt;&lt;/script&gt;\n    \n    &lt;!--\n      3. Configure Tailwind AFTER it loads\n    --&gt;\n    &lt;script&gt;\n      tailwind.config = {\n        darkMode: \'class\'\n      }\n    &lt;/script&gt;\n\n    &lt;script src=&quot;https://unpkg.com/htmx.org@2.0.0&quot;&gt;&lt;/script&gt;\n    &lt;script defer src=&quot;https://cdn.jsdelivr.net/npm/alpinejs@3.x.x/dist/cdn.min.js&quot;&gt;&lt;/s...\n                return `${MONTH_NAMES[date.getMonth()]} ${date.getDate()}, ${date.getFullYear()}`;\n            },\n\n            changeMonth(amount) {\n                this.month += amount;\n                if (this.month &lt; 0) {\n                    this.month = 11;\n                    this.year--;\n                } else if (this.month &gt; 11) {\n                    this.month = 0;\n                    this.year++;\n                }\n                this.getDaysInMonth();\n            }\n        }\n    }\n\n    function themeSwitcher() {\n        return {\n            // The initial state is based on the class set by the anti-flicker script.\n            darkMode: document.documentElement.classList.contains(\'dark\'),\n            toggle() {\n                this.darkMode = !this.darkMode;\n                localStorage.setItem(\'theme\', this.darkMode ? \'dark\' : \'light\');\n                if (this.darkMode) {\n                    document.documentElement.classList.add(\'dark\');\n                } else {\n                    document.documentElement.classList.remove(\'dark\');\n                }\n            }\n        }\n    }\n    &lt;/script&gt;\n\n    \n&lt;/body&gt;\n\n&lt;/html&gt;\n' = &lt;WrapperTestResponse 18632 bytes [200 OK]&gt;.data&quot;">client = &lt;FlaskClient &lt;Flask 'app.controller.controller'&gt;&gt;

    @pytest.fixture
    def user_client(client):
        """
        Fixture PyTest qui retourne un client de test authentifié en tant qu'utilisateur standard.
        """
        user_credentials = {
            "username": "student1@example.com",
            "password": "pass123"
        }
        response = client.post("/login", data=user_credentials, follow_redirects=True)
    
        assert response.status_code == 200, "La connexion de l'utilisateur standard a échoué."
        # Un utilisateur standard doit atterrir sur le dashboard utilisateur
&gt;       assert b"Mon Tableau de Bord" in response.data or b"Mon Panier" in response.data, "La page après login ne semble pas être le dashboard utilisateur."
E       AssertionError: La page après login ne semble pas être le dashboard utilisateur.
E       assert (b'Mon Tableau de Bord' in b'\n\n\n&lt;!DOCTYPE html&gt;\n&lt;html lang="en"&gt;\n\n&lt;head&gt;\n    &lt;meta charset="UTF-8"&gt;\n    &lt;meta name="viewport" content="width=device-width, initial-scale=1.0"&gt;\n    &lt;title&gt;AR - University Meal Ordering&lt;/title&gt;\n    &lt;link rel="icon" href="data:;base64,iVBORw0KGgo="&gt;\n    \n    &lt;!--\n      1. This anti-flicker script runs immediately to set the \'dark\' class on the &lt;html&gt; element\n         based on localStorage before the page content renders.\n    --&gt;\n    &lt;script&gt;\n      if (localStorage.theme === \'dark\' || (!(\'theme\' in localStorage) &amp;&amp; window.matchMedia(\'(prefers-color-scheme: dark)\').matches)) {\n        document.documentElement.classList.add(\'dark\')\n      } else {\n        document.documentElement.classList.remove(\'dark\')\n      }\n    &lt;/script&gt;\n\n    &lt;!--\n      2. Load Tailwind CSS from CDN\n    --&gt;\n    &lt;script src="https://cdn.tailwindcss.com"&gt;&lt;/script&gt;\n    \n    &lt;!--\n      3. Configure Tailwind AFTER it loads\n    --&gt;\n    &lt;script&gt;\n      tailwind.config = {\n        darkMode: \'class\'\n      }\n    &lt;/script&gt;\n\n    &lt;script src="https://unpkg.com/htmx.org@2.0.0"&gt;&lt;/script&gt;\n    &lt;script defer src="https://cdn.jsdelivr.net/npm/alpinejs@3.x.x/dist/cdn.min.js"&gt;&lt;/s...\n                return `${MONTH_NAMES[date.getMonth()]} ${date.getDate()}, ${date.getFullYear()}`;\n            },\n\n            changeMonth(amount) {\n                this.month += amount;\n                if (this.month &lt; 0) {\n                    this.month = 11;\n                    this.year--;\n                } else if (this.month &gt; 11) {\n                    this.month = 0;\n                    this.year++;\n                }\n                this.getDaysInMonth();\n            }\n        }\n    }\n\n    function themeSwitcher() {\n        return {\n            // The initial state is based on the class set by the anti-flicker script.\n            darkMode: document.documentElement.classList.contains(\'dark\'),\n            toggle() {\n                this.darkMode = !this.darkMode;\n                localStorage.setItem(\'theme\', this.darkMode ? \'dark\' : \'light\');\n                if (this.darkMode) {\n                    document.documentElement.classList.add(\'dark\');\n                } else {\n                    document.documentElement.classList.remove(\'dark\');\n                }\n            }\n        }\n    }\n    &lt;/script&gt;\n\n    \n&lt;/body&gt;\n\n&lt;/html&gt;\n' or b'Mon Panier' in b'\n\n\n&lt;!DOCTYPE html&gt;\n&lt;html lang="en"&gt;\n\n&lt;head&gt;\n    &lt;meta charset="UTF-8"&gt;\n    &lt;meta name="viewport" content="width=device-width, initial-scale=1.0"&gt;\n    &lt;title&gt;AR - University Meal Ordering&lt;/title&gt;\n    &lt;link rel="icon" href="data:;base64,iVBORw0KGgo="&gt;\n    \n    &lt;!--\n      1. This anti-flicker script runs immediately to set the \'dark\' class on the &lt;html&gt; element\n         based on localStorage before the page content renders.\n    --&gt;\n    &lt;script&gt;\n      if (localStorage.theme === \'dark\' || (!(\'theme\' in localStorage) &amp;&amp; window.matchMedia(\'(prefers-color-scheme: dark)\').matches)) {\n        document.documentElement.classList.add(\'dark\')\n      } else {\n        document.documentElement.classList.remove(\'dark\')\n      }\n    &lt;/script&gt;\n\n    &lt;!--\n      2. Load Tailwind CSS from CDN\n    --&gt;\n    &lt;script src="https://cdn.tailwindcss.com"&gt;&lt;/script&gt;\n    \n    &lt;!--\n      3. Configure Tailwind AFTER it loads\n    --&gt;\n    &lt;script&gt;\n      tailwind.config = {\n        darkMode: \'class\'\n      }\n    &lt;/script&gt;\n\n    &lt;script src="https://unpkg.com/htmx.org@2.0.0"&gt;&lt;/script&gt;\n    &lt;script defer src="https://cdn.jsdelivr.net/npm/alpinejs@3.x.x/dist/cdn.min.js"&gt;&lt;/s...\n                return `${MONTH_NAMES[date.getMonth()]} ${date.getDate()}, ${date.getFullYear()}`;\n            },\n\n            changeMonth(amount) {\n                this.month += amount;\n                if (this.month &lt; 0) {\n                    this.month = 11;\n                    this.year--;\n                } else if (this.month &gt; 11) {\n                    this.month = 0;\n                    this.year++;\n                }\n                this.getDaysInMonth();\n            }\n        }\n    }\n\n    function themeSwitcher() {\n        return {\n            // The initial state is based on the class set by the anti-flicker script.\n            darkMode: document.documentElement.classList.contains(\'dark\'),\n            toggle() {\n                this.darkMode = !this.darkMode;\n                localStorage.setItem(\'theme\', this.darkMode ? \'dark\' : \'light\');\n                if (this.darkMode) {\n                    document.documentElement.classList.add(\'dark\');\n                } else {\n                    document.documentElement.classList.remove(\'dark\');\n                }\n            }\n        }\n    }\n    &lt;/script&gt;\n\n    \n&lt;/body&gt;\n\n&lt;/html&gt;\n')
E        +  where b'\n\n\n&lt;!DOCTYPE html&gt;\n&lt;html lang="en"&gt;\n\n&lt;head&gt;\n    &lt;meta charset="UTF-8"&gt;\n    &lt;meta name="viewport" content="width=device-width, initial-scale=1.0"&gt;\n    &lt;title&gt;AR - University Meal Ordering&lt;/title&gt;\n    &lt;link rel="icon" href="data:;base64,iVBORw0KGgo="&gt;\n    \n    &lt;!--\n      1. This anti-flicker script runs immediately to set the \'dark\' class on the &lt;html&gt; element\n         based on localStorage before the page content renders.\n    --&gt;\n    &lt;script&gt;\n      if (localStorage.theme === \'dark\' || (!(\'theme\' in localStorage) &amp;&amp; window.matchMedia(\'(prefers-color-scheme: dark)\').matches)) {\n        document.documentElement.classList.add(\'dark\')\n      } else {\n        document.documentElement.classList.remove(\'dark\')\n      }\n    &lt;/script&gt;\n\n    &lt;!--\n      2. Load Tailwind CSS from CDN\n    --&gt;\n    &lt;script src="https://cdn.tailwindcss.com"&gt;&lt;/script&gt;\n    \n    &lt;!--\n      3. Configure Tailwind AFTER it loads\n    --&gt;\n    &lt;script&gt;\n      tailwind.config = {\n        darkMode: \'class\'\n      }\n    &lt;/script&gt;\n\n    &lt;script src="https://unpkg.com/htmx.org@2.0.0"&gt;&lt;/script&gt;\n    &lt;script defer src="https://cdn.jsdelivr.net/npm/alpinejs@3.x.x/dist/cdn.min.js"&gt;&lt;/s...\n                return `${MONTH_NAMES[date.getMonth()]} ${date.getDate()}, ${date.getFullYear()}`;\n            },\n\n            changeMonth(amount) {\n                this.month += amount;\n                if (this.month &lt; 0) {\n                    this.month = 11;\n                    this.year--;\n                } else if (this.month &gt; 11) {\n                    this.month = 0;\n                    this.year++;\n                }\n                this.getDaysInMonth();\n            }\n        }\n    }\n\n    function themeSwitcher() {\n        return {\n            // The initial state is based on the class set by the anti-flicker script.\n            darkMode: document.documentElement.classList.contains(\'dark\'),\n            toggle() {\n                this.darkMode = !this.darkMode;\n                localStorage.setItem(\'theme\', this.darkMode ? \'dark\' : \'light\');\n                if (this.darkMode) {\n                    document.documentElement.classList.add(\'dark\');\n                } else {\n                    document.documentElement.classList.remove(\'dark\');\n                }\n            }\n        }\n    }\n    &lt;/script&gt;\n\n    \n&lt;/body&gt;\n\n&lt;/html&gt;\n' = &lt;WrapperTestResponse 18632 bytes [200 OK]&gt;.data
E        +  and   b'\n\n\n&lt;!DOCTYPE html&gt;\n&lt;html lang="en"&gt;\n\n&lt;head&gt;\n    &lt;meta charset="UTF-8"&gt;\n    &lt;meta name="viewport" content="width=device-width, initial-scale=1.0"&gt;\n    &lt;title&gt;AR - University Meal Ordering&lt;/title&gt;\n    &lt;link rel="icon" href="data:;base64,iVBORw0KGgo="&gt;\n    \n    &lt;!--\n      1. This anti-flicker script runs immediately to set the \'dark\' class on the &lt;html&gt; element\n         based on localStorage before the page content renders.\n    --&gt;\n    &lt;script&gt;\n      if (localStorage.theme === \'dark\' || (!(\'theme\' in localStorage) &amp;&amp; window.matchMedia(\'(prefers-color-scheme: dark)\').matches)) {\n        document.documentElement.classList.add(\'dark\')\n      } else {\n        document.documentElement.classList.remove(\'dark\')\n      }\n    &lt;/script&gt;\n\n    &lt;!--\n      2. Load Tailwind CSS from CDN\n    --&gt;\n    &lt;script src="https://cdn.tailwindcss.com"&gt;&lt;/script&gt;\n    \n    &lt;!--\n      3. Configure Tailwind AFTER it loads\n    --&gt;\n    &lt;script&gt;\n      tailwind.config = {\n        darkMode: \'class\'\n      }\n    &lt;/script&gt;\n\n    &lt;script src="https://unpkg.com/htmx.org@2.0.0"&gt;&lt;/script&gt;\n    &lt;script defer src="https://cdn.jsdelivr.net/npm/alpinejs@3.x.x/dist/cdn.min.js"&gt;&lt;/s...\n                return `${MONTH_NAMES[date.getMonth()]} ${date.getDate()}, ${date.getFullYear()}`;\n            },\n\n            changeMonth(amount) {\n                this.month += amount;\n                if (this.month &lt; 0) {\n                    this.month = 11;\n                    this.year--;\n                } else if (this.month &gt; 11) {\n                    this.month = 0;\n                    this.year++;\n                }\n                this.getDaysInMonth();\n            }\n        }\n    }\n\n    function themeSwitcher() {\n        return {\n            // The initial state is based on the class set by the anti-flicker script.\n            darkMode: document.documentElement.classList.contains(\'dark\'),\n            toggle() {\n                this.darkMode = !this.darkMode;\n                localStorage.setItem(\'theme\', this.darkMode ? \'dark\' : \'light\');\n                if (this.darkMode) {\n                    document.documentElement.classList.add(\'dark\');\n                } else {\n                    document.documentElement.classList.remove(\'dark\');\n                }\n            }\n        }\n    }\n    &lt;/script&gt;\n\n    \n&lt;/body&gt;\n\n&lt;/html&gt;\n' = &lt;WrapperTestResponse 18632 bytes [200 OK]&gt;.data

tests/test-python/controller/test_api_auth.py:27: AssertionError</error></testcase><testcase classname="tests.test-python.controller.test_api_auth" name="test_api_user_access_is_granted[Modifier son propre profil]" time="0.348"><error message="failed on setup with &quot;AssertionError: La page après login ne semble pas être le dashboard utilisateur.&#10;assert (b'Mon Tableau de Bord' in b'\n\n\n&lt;!DOCTYPE html&gt;\n&lt;html lang=&quot;en&quot;&gt;\n\n&lt;head&gt;\n    &lt;meta charset=&quot;UTF-8&quot;&gt;\n    &lt;meta name=&quot;viewport&quot; content=&quot;width=device-width, initial-scale=1.0&quot;&gt;\n    &lt;title&gt;AR - University Meal Ordering&lt;/title&gt;\n    &lt;link rel=&quot;icon&quot; href=&quot;data:;base64,iVBORw0KGgo=&quot;&gt;\n    \n    &lt;!--\n      1. This anti-flicker script runs immediately to set the \'dark\' class on the &lt;html&gt; element\n         based on localStorage before the page content renders.\n    --&gt;\n    &lt;script&gt;\n      if (localStorage.theme === \'dark\' || (!(\'theme\' in localStorage) &amp;&amp; window.matchMedia(\'(prefers-color-scheme: dark)\').matches)) {\n        document.documentElement.classList.add(\'dark\')\n      } else {\n        document.documentElement.classList.remove(\'dark\')\n      }\n    &lt;/script&gt;\n\n    &lt;!--\n      2. Load Tailwind CSS from CDN\n    --&gt;\n    &lt;script src=&quot;https://cdn.tailwindcss.com&quot;&gt;&lt;/script&gt;\n    \n    &lt;!--\n      3. Configure Tailwind AFTER it loads\n    --&gt;\n    &lt;script&gt;\n      tailwind.config = {\n        darkMode: \'class\'\n      }\n    &lt;/script&gt;\n\n    &lt;script src=&quot;https://unpkg.com/htmx.org@2.0.0&quot;&gt;&lt;/script&gt;\n    &lt;script defer src=&quot;https://cdn.jsdelivr.net/npm/alpinejs@3.x.x/dist/cdn.min.js&quot;&gt;&lt;/s...\n                return `${MONTH_NAMES[date.getMonth()]} ${date.getDate()}, ${date.getFullYear()}`;\n            },\n\n            changeMonth(amount) {\n                this.month += amount;\n                if (this.month &lt; 0) {\n                    this.month = 11;\n                    this.year--;\n                } else if (this.month &gt; 11) {\n                    this.month = 0;\n                    this.year++;\n                }\n                this.getDaysInMonth();\n            }\n        }\n    }\n\n    function themeSwitcher() {\n        return {\n            // The initial state is based on the class set by the anti-flicker script.\n            darkMode: document.documentElement.classList.contains(\'dark\'),\n            toggle() {\n                this.darkMode = !this.darkMode;\n                localStorage.setItem(\'theme\', this.darkMode ? \'dark\' : \'light\');\n                if (this.darkMode) {\n                    document.documentElement.classList.add(\'dark\');\n                } else {\n                    document.documentElement.classList.remove(\'dark\');\n                }\n            }\n        }\n    }\n    &lt;/script&gt;\n\n    \n&lt;/body&gt;\n\n&lt;/html&gt;\n' or b'Mon Panier' in b'\n\n\n&lt;!DOCTYPE html&gt;\n&lt;html lang=&quot;en&quot;&gt;\n\n&lt;head&gt;\n    &lt;meta charset=&quot;UTF-8&quot;&gt;\n    &lt;meta name=&quot;viewport&quot; content=&quot;width=device-width, initial-scale=1.0&quot;&gt;\n    &lt;title&gt;AR - University Meal Ordering&lt;/title&gt;\n    &lt;link rel=&quot;icon&quot; href=&quot;data:;base64,iVBORw0KGgo=&quot;&gt;\n    \n    &lt;!--\n      1. This anti-flicker script runs immediately to set the \'dark\' class on the &lt;html&gt; element\n         based on localStorage before the page content renders.\n    --&gt;\n    &lt;script&gt;\n      if (localStorage.theme === \'dark\' || (!(\'theme\' in localStorage) &amp;&amp; window.matchMedia(\'(prefers-color-scheme: dark)\').matches)) {\n        document.documentElement.classList.add(\'dark\')\n      } else {\n        document.documentElement.classList.remove(\'dark\')\n      }\n    &lt;/script&gt;\n\n    &lt;!--\n      2. Load Tailwind CSS from CDN\n    --&gt;\n    &lt;script src=&quot;https://cdn.tailwindcss.com&quot;&gt;&lt;/script&gt;\n    \n    &lt;!--\n      3. Configure Tailwind AFTER it loads\n    --&gt;\n    &lt;script&gt;\n      tailwind.config = {\n        darkMode: \'class\'\n      }\n    &lt;/script&gt;\n\n    &lt;script src=&quot;https://unpkg.com/htmx.org@2.0.0&quot;&gt;&lt;/script&gt;\n    &lt;script defer src=&quot;https://cdn.jsdelivr.net/npm/alpinejs@3.x.x/dist/cdn.min.js&quot;&gt;&lt;/s...\n                return `${MONTH_NAMES[date.getMonth()]} ${date.getDate()}, ${date.getFullYear()}`;\n            },\n\n            changeMonth(amount) {\n                this.month += amount;\n                if (this.month &lt; 0) {\n                    this.month = 11;\n                    this.year--;\n                } else if (this.month &gt; 11) {\n                    this.month = 0;\n                    this.year++;\n                }\n                this.getDaysInMonth();\n            }\n        }\n    }\n\n    function themeSwitcher() {\n        return {\n            // The initial state is based on the class set by the anti-flicker script.\n            darkMode: document.documentElement.classList.contains(\'dark\'),\n            toggle() {\n                this.darkMode = !this.darkMode;\n                localStorage.setItem(\'theme\', this.darkMode ? \'dark\' : \'light\');\n                if (this.darkMode) {\n                    document.documentElement.classList.add(\'dark\');\n                } else {\n                    document.documentElement.classList.remove(\'dark\');\n                }\n            }\n        }\n    }\n    &lt;/script&gt;\n\n    \n&lt;/body&gt;\n\n&lt;/html&gt;\n')&#10; +  where b'\n\n\n&lt;!DOCTYPE html&gt;\n&lt;html lang=&quot;en&quot;&gt;\n\n&lt;head&gt;\n    &lt;meta charset=&quot;UTF-8&quot;&gt;\n    &lt;meta name=&quot;viewport&quot; content=&quot;width=device-width, initial-scale=1.0&quot;&gt;\n    &lt;title&gt;AR - University Meal Ordering&lt;/title&gt;\n    &lt;link rel=&quot;icon&quot; href=&quot;data:;base64,iVBORw0KGgo=&quot;&gt;\n    \n    &lt;!--\n      1. This anti-flicker script runs immediately to set the \'dark\' class on the &lt;html&gt; element\n         based on localStorage before the page content renders.\n    --&gt;\n    &lt;script&gt;\n      if (localStorage.theme === \'dark\' || (!(\'theme\' in localStorage) &amp;&amp; window.matchMedia(\'(prefers-color-scheme: dark)\').matches)) {\n        document.documentElement.classList.add(\'dark\')\n      } else {\n        document.documentElement.classList.remove(\'dark\')\n      }\n    &lt;/script&gt;\n\n    &lt;!--\n      2. Load Tailwind CSS from CDN\n    --&gt;\n    &lt;script src=&quot;https://cdn.tailwindcss.com&quot;&gt;&lt;/script&gt;\n    \n    &lt;!--\n      3. Configure Tailwind AFTER it loads\n    --&gt;\n    &lt;script&gt;\n      tailwind.config = {\n        darkMode: \'class\'\n      }\n    &lt;/script&gt;\n\n    &lt;script src=&quot;https://unpkg.com/htmx.org@2.0.0&quot;&gt;&lt;/script&gt;\n    &lt;script defer src=&quot;https://cdn.jsdelivr.net/npm/alpinejs@3.x.x/dist/cdn.min.js&quot;&gt;&lt;/s...\n                return `${MONTH_NAMES[date.getMonth()]} ${date.getDate()}, ${date.getFullYear()}`;\n            },\n\n            changeMonth(amount) {\n                this.month += amount;\n                if (this.month &lt; 0) {\n                    this.month = 11;\n                    this.year--;\n                } else if (this.month &gt; 11) {\n                    this.month = 0;\n                    this.year++;\n                }\n                this.getDaysInMonth();\n            }\n        }\n    }\n\n    function themeSwitcher() {\n        return {\n            // The initial state is based on the class set by the anti-flicker script.\n            darkMode: document.documentElement.classList.contains(\'dark\'),\n            toggle() {\n                this.darkMode = !this.darkMode;\n                localStorage.setItem(\'theme\', this.darkMode ? \'dark\' : \'light\');\n                if (this.darkMode) {\n                    document.documentElement.classList.add(\'dark\');\n                } else {\n                    document.documentElement.classList.remove(\'dark\');\n                }\n            }\n        }\n    }\n    &lt;/script&gt;\n\n    \n&lt;/body&gt;\n\n&lt;/html&gt;\n' = &lt;WrapperTestResponse 18632 bytes [200 OK]&gt;.data&#10; +  and   b'\n\n\n&lt;!DOCTYPE html&gt;\n&lt;html lang=&quot;en&quot;&gt;\n\n&lt;head&gt;\n    &lt;meta charset=&quot;UTF-8&quot;&gt;\n    &lt;meta name=&quot;viewport&quot; content=&quot;width=device-width, initial-scale=1.0&quot;&gt;\n    &lt;title&gt;AR - University Meal Ordering&lt;/title&gt;\n    &lt;link rel=&quot;icon&quot; href=&quot;data:;base64,iVBORw0KGgo=&quot;&gt;\n    \n    &lt;!--\n      1. This anti-flicker script runs immediately to set the \'dark\' class on the &lt;html&gt; element\n         based on localStorage before the page content renders.\n    --&gt;\n    &lt;script&gt;\n      if (localStorage.theme === \'dark\' || (!(\'theme\' in localStorage) &amp;&amp; window.matchMedia(\'(prefers-color-scheme: dark)\').matches)) {\n        document.documentElement.classList.add(\'dark\')\n      } else {\n        document.documentElement.classList.remove(\'dark\')\n      }\n    &lt;/script&gt;\n\n    &lt;!--\n      2. Load Tailwind CSS from CDN\n    --&gt;\n    &lt;script src=&quot;https://cdn.tailwindcss.com&quot;&gt;&lt;/script&gt;\n    \n    &lt;!--\n      3. Configure Tailwind AFTER it loads\n    --&gt;\n    &lt;script&gt;\n      tailwind.config = {\n        darkMode: \'class\'\n      }\n    &lt;/script&gt;\n\n    &lt;script src=&quot;https://unpkg.com/htmx.org@2.0.0&quot;&gt;&lt;/script&gt;\n    &lt;script defer src=&quot;https://cdn.jsdelivr.net/npm/alpinejs@3.x.x/dist/cdn.min.js&quot;&gt;&lt;/s...\n                return `${MONTH_NAMES[date.getMonth()]} ${date.getDate()}, ${date.getFullYear()}`;\n            },\n\n            changeMonth(amount) {\n                this.month += amount;\n                if (this.month &lt; 0) {\n                    this.month = 11;\n                    this.year--;\n                } else if (this.month &gt; 11) {\n                    this.month = 0;\n                    this.year++;\n                }\n                this.getDaysInMonth();\n            }\n        }\n    }\n\n    function themeSwitcher() {\n        return {\n            // The initial state is based on the class set by the anti-flicker script.\n            darkMode: document.documentElement.classList.contains(\'dark\'),\n            toggle() {\n                this.darkMode = !this.darkMode;\n                localStorage.setItem(\'theme\', this.darkMode ? \'dark\' : \'light\');\n                if (this.darkMode) {\n                    document.documentElement.classList.add(\'dark\');\n                } else {\n                    document.documentElement.classList.remove(\'dark\');\n                }\n            }\n        }\n    }\n    &lt;/script&gt;\n\n    \n&lt;/body&gt;\n\n&lt;/html&gt;\n' = &lt;WrapperTestResponse 18632 bytes [200 OK]&gt;.data&quot;">client = &lt;FlaskClient &lt;Flask 'app.controller.controller'&gt;&gt;

    @pytest.fixture
    def user_client(client):
        """
        Fixture PyTest qui retourne un client de test authentifié en tant qu'utilisateur standard.
        """
        user_credentials = {
            "username": "student1@example.com",
            "password": "pass123"
        }
        response = client.post("/login", data=user_credentials, follow_redirects=True)
    
        assert response.status_code == 200, "La connexion de l'utilisateur standard a échoué."
        # Un utilisateur standard doit atterrir sur le dashboard utilisateur
&gt;       assert b"Mon Tableau de Bord" in response.data or b"Mon Panier" in response.data, "La page après login ne semble pas être le dashboard utilisateur."
E       AssertionError: La page après login ne semble pas être le dashboard utilisateur.
E       assert (b'Mon Tableau de Bord' in b'\n\n\n&lt;!DOCTYPE html&gt;\n&lt;html lang="en"&gt;\n\n&lt;head&gt;\n    &lt;meta charset="UTF-8"&gt;\n    &lt;meta name="viewport" content="width=device-width, initial-scale=1.0"&gt;\n    &lt;title&gt;AR - University Meal Ordering&lt;/title&gt;\n    &lt;link rel="icon" href="data:;base64,iVBORw0KGgo="&gt;\n    \n    &lt;!--\n      1. This anti-flicker script runs immediately to set the \'dark\' class on the &lt;html&gt; element\n         based on localStorage before the page content renders.\n    --&gt;\n    &lt;script&gt;\n      if (localStorage.theme === \'dark\' || (!(\'theme\' in localStorage) &amp;&amp; window.matchMedia(\'(prefers-color-scheme: dark)\').matches)) {\n        document.documentElement.classList.add(\'dark\')\n      } else {\n        document.documentElement.classList.remove(\'dark\')\n      }\n    &lt;/script&gt;\n\n    &lt;!--\n      2. Load Tailwind CSS from CDN\n    --&gt;\n    &lt;script src="https://cdn.tailwindcss.com"&gt;&lt;/script&gt;\n    \n    &lt;!--\n      3. Configure Tailwind AFTER it loads\n    --&gt;\n    &lt;script&gt;\n      tailwind.config = {\n        darkMode: \'class\'\n      }\n    &lt;/script&gt;\n\n    &lt;script src="https://unpkg.com/htmx.org@2.0.0"&gt;&lt;/script&gt;\n    &lt;script defer src="https://cdn.jsdelivr.net/npm/alpinejs@3.x.x/dist/cdn.min.js"&gt;&lt;/s...\n                return `${MONTH_NAMES[date.getMonth()]} ${date.getDate()}, ${date.getFullYear()}`;\n            },\n\n            changeMonth(amount) {\n                this.month += amount;\n                if (this.month &lt; 0) {\n                    this.month = 11;\n                    this.year--;\n                } else if (this.month &gt; 11) {\n                    this.month = 0;\n                    this.year++;\n                }\n                this.getDaysInMonth();\n            }\n        }\n    }\n\n    function themeSwitcher() {\n        return {\n            // The initial state is based on the class set by the anti-flicker script.\n            darkMode: document.documentElement.classList.contains(\'dark\'),\n            toggle() {\n                this.darkMode = !this.darkMode;\n                localStorage.setItem(\'theme\', this.darkMode ? \'dark\' : \'light\');\n                if (this.darkMode) {\n                    document.documentElement.classList.add(\'dark\');\n                } else {\n                    document.documentElement.classList.remove(\'dark\');\n                }\n            }\n        }\n    }\n    &lt;/script&gt;\n\n    \n&lt;/body&gt;\n\n&lt;/html&gt;\n' or b'Mon Panier' in b'\n\n\n&lt;!DOCTYPE html&gt;\n&lt;html lang="en"&gt;\n\n&lt;head&gt;\n    &lt;meta charset="UTF-8"&gt;\n    &lt;meta name="viewport" content="width=device-width, initial-scale=1.0"&gt;\n    &lt;title&gt;AR - University Meal Ordering&lt;/title&gt;\n    &lt;link rel="icon" href="data:;base64,iVBORw0KGgo="&gt;\n    \n    &lt;!--\n      1. This anti-flicker script runs immediately to set the \'dark\' class on the &lt;html&gt; element\n         based on localStorage before the page content renders.\n    --&gt;\n    &lt;script&gt;\n      if (localStorage.theme === \'dark\' || (!(\'theme\' in localStorage) &amp;&amp; window.matchMedia(\'(prefers-color-scheme: dark)\').matches)) {\n        document.documentElement.classList.add(\'dark\')\n      } else {\n        document.documentElement.classList.remove(\'dark\')\n      }\n    &lt;/script&gt;\n\n    &lt;!--\n      2. Load Tailwind CSS from CDN\n    --&gt;\n    &lt;script src="https://cdn.tailwindcss.com"&gt;&lt;/script&gt;\n    \n    &lt;!--\n      3. Configure Tailwind AFTER it loads\n    --&gt;\n    &lt;script&gt;\n      tailwind.config = {\n        darkMode: \'class\'\n      }\n    &lt;/script&gt;\n\n    &lt;script src="https://unpkg.com/htmx.org@2.0.0"&gt;&lt;/script&gt;\n    &lt;script defer src="https://cdn.jsdelivr.net/npm/alpinejs@3.x.x/dist/cdn.min.js"&gt;&lt;/s...\n                return `${MONTH_NAMES[date.getMonth()]} ${date.getDate()}, ${date.getFullYear()}`;\n            },\n\n            changeMonth(amount) {\n                this.month += amount;\n                if (this.month &lt; 0) {\n                    this.month = 11;\n                    this.year--;\n                } else if (this.month &gt; 11) {\n                    this.month = 0;\n                    this.year++;\n                }\n                this.getDaysInMonth();\n            }\n        }\n    }\n\n    function themeSwitcher() {\n        return {\n            // The initial state is based on the class set by the anti-flicker script.\n            darkMode: document.documentElement.classList.contains(\'dark\'),\n            toggle() {\n                this.darkMode = !this.darkMode;\n                localStorage.setItem(\'theme\', this.darkMode ? \'dark\' : \'light\');\n                if (this.darkMode) {\n                    document.documentElement.classList.add(\'dark\');\n                } else {\n                    document.documentElement.classList.remove(\'dark\');\n                }\n            }\n        }\n    }\n    &lt;/script&gt;\n\n    \n&lt;/body&gt;\n\n&lt;/html&gt;\n')
E        +  where b'\n\n\n&lt;!DOCTYPE html&gt;\n&lt;html lang="en"&gt;\n\n&lt;head&gt;\n    &lt;meta charset="UTF-8"&gt;\n    &lt;meta name="viewport" content="width=device-width, initial-scale=1.0"&gt;\n    &lt;title&gt;AR - University Meal Ordering&lt;/title&gt;\n    &lt;link rel="icon" href="data:;base64,iVBORw0KGgo="&gt;\n    \n    &lt;!--\n      1. This anti-flicker script runs immediately to set the \'dark\' class on the &lt;html&gt; element\n         based on localStorage before the page content renders.\n    --&gt;\n    &lt;script&gt;\n      if (localStorage.theme === \'dark\' || (!(\'theme\' in localStorage) &amp;&amp; window.matchMedia(\'(prefers-color-scheme: dark)\').matches)) {\n        document.documentElement.classList.add(\'dark\')\n      } else {\n        document.documentElement.classList.remove(\'dark\')\n      }\n    &lt;/script&gt;\n\n    &lt;!--\n      2. Load Tailwind CSS from CDN\n    --&gt;\n    &lt;script src="https://cdn.tailwindcss.com"&gt;&lt;/script&gt;\n    \n    &lt;!--\n      3. Configure Tailwind AFTER it loads\n    --&gt;\n    &lt;script&gt;\n      tailwind.config = {\n        darkMode: \'class\'\n      }\n    &lt;/script&gt;\n\n    &lt;script src="https://unpkg.com/htmx.org@2.0.0"&gt;&lt;/script&gt;\n    &lt;script defer src="https://cdn.jsdelivr.net/npm/alpinejs@3.x.x/dist/cdn.min.js"&gt;&lt;/s...\n                return `${MONTH_NAMES[date.getMonth()]} ${date.getDate()}, ${date.getFullYear()}`;\n            },\n\n            changeMonth(amount) {\n                this.month += amount;\n                if (this.month &lt; 0) {\n                    this.month = 11;\n                    this.year--;\n                } else if (this.month &gt; 11) {\n                    this.month = 0;\n                    this.year++;\n                }\n                this.getDaysInMonth();\n            }\n        }\n    }\n\n    function themeSwitcher() {\n        return {\n            // The initial state is based on the class set by the anti-flicker script.\n            darkMode: document.documentElement.classList.contains(\'dark\'),\n            toggle() {\n                this.darkMode = !this.darkMode;\n                localStorage.setItem(\'theme\', this.darkMode ? \'dark\' : \'light\');\n                if (this.darkMode) {\n                    document.documentElement.classList.add(\'dark\');\n                } else {\n                    document.documentElement.classList.remove(\'dark\');\n                }\n            }\n        }\n    }\n    &lt;/script&gt;\n\n    \n&lt;/body&gt;\n\n&lt;/html&gt;\n' = &lt;WrapperTestResponse 18632 bytes [200 OK]&gt;.data
E        +  and   b'\n\n\n&lt;!DOCTYPE html&gt;\n&lt;html lang="en"&gt;\n\n&lt;head&gt;\n    &lt;meta charset="UTF-8"&gt;\n    &lt;meta name="viewport" content="width=device-width, initial-scale=1.0"&gt;\n    &lt;title&gt;AR - University Meal Ordering&lt;/title&gt;\n    &lt;link rel="icon" href="data:;base64,iVBORw0KGgo="&gt;\n    \n    &lt;!--\n      1. This anti-flicker script runs immediately to set the \'dark\' class on the &lt;html&gt; element\n         based on localStorage before the page content renders.\n    --&gt;\n    &lt;script&gt;\n      if (localStorage.theme === \'dark\' || (!(\'theme\' in localStorage) &amp;&amp; window.matchMedia(\'(prefers-color-scheme: dark)\').matches)) {\n        document.documentElement.classList.add(\'dark\')\n      } else {\n        document.documentElement.classList.remove(\'dark\')\n      }\n    &lt;/script&gt;\n\n    &lt;!--\n      2. Load Tailwind CSS from CDN\n    --&gt;\n    &lt;script src="https://cdn.tailwindcss.com"&gt;&lt;/script&gt;\n    \n    &lt;!--\n      3. Configure Tailwind AFTER it loads\n    --&gt;\n    &lt;script&gt;\n      tailwind.config = {\n        darkMode: \'class\'\n      }\n    &lt;/script&gt;\n\n    &lt;script src="https://unpkg.com/htmx.org@2.0.0"&gt;&lt;/script&gt;\n    &lt;script defer src="https://cdn.jsdelivr.net/npm/alpinejs@3.x.x/dist/cdn.min.js"&gt;&lt;/s...\n                return `${MONTH_NAMES[date.getMonth()]} ${date.getDate()}, ${date.getFullYear()}`;\n            },\n\n            changeMonth(amount) {\n                this.month += amount;\n                if (this.month &lt; 0) {\n                    this.month = 11;\n                    this.year--;\n                } else if (this.month &gt; 11) {\n                    this.month = 0;\n                    this.year++;\n                }\n                this.getDaysInMonth();\n            }\n        }\n    }\n\n    function themeSwitcher() {\n        return {\n            // The initial state is based on the class set by the anti-flicker script.\n            darkMode: document.documentElement.classList.contains(\'dark\'),\n            toggle() {\n                this.darkMode = !this.darkMode;\n                localStorage.setItem(\'theme\', this.darkMode ? \'dark\' : \'light\');\n                if (this.darkMode) {\n                    document.documentElement.classList.add(\'dark\');\n                } else {\n                    document.documentElement.classList.remove(\'dark\');\n                }\n            }\n        }\n    }\n    &lt;/script&gt;\n\n    \n&lt;/body&gt;\n\n&lt;/html&gt;\n' = &lt;WrapperTestResponse 18632 bytes [200 OK]&gt;.data

tests/test-python/controller/test_api_auth.py:27: AssertionError</error></testcase><testcase classname="tests.test-python.controller.test_api_auth" name="test_api_user_access_is_granted[Ajouter de l'argent \xe0 son solde]" time="0.347"><error message="failed on setup with &quot;AssertionError: La page après login ne semble pas être le dashboard utilisateur.&#10;assert (b'Mon Tableau de Bord' in b'\n\n\n&lt;!DOCTYPE html&gt;\n&lt;html lang=&quot;en&quot;&gt;\n\n&lt;head&gt;\n    &lt;meta charset=&quot;UTF-8&quot;&gt;\n    &lt;meta name=&quot;viewport&quot; content=&quot;width=device-width, initial-scale=1.0&quot;&gt;\n    &lt;title&gt;AR - University Meal Ordering&lt;/title&gt;\n    &lt;link rel=&quot;icon&quot; href=&quot;data:;base64,iVBORw0KGgo=&quot;&gt;\n    \n    &lt;!--\n      1. This anti-flicker script runs immediately to set the \'dark\' class on the &lt;html&gt; element\n         based on localStorage before the page content renders.\n    --&gt;\n    &lt;script&gt;\n      if (localStorage.theme === \'dark\' || (!(\'theme\' in localStorage) &amp;&amp; window.matchMedia(\'(prefers-color-scheme: dark)\').matches)) {\n        document.documentElement.classList.add(\'dark\')\n      } else {\n        document.documentElement.classList.remove(\'dark\')\n      }\n    &lt;/script&gt;\n\n    &lt;!--\n      2. Load Tailwind CSS from CDN\n    --&gt;\n    &lt;script src=&quot;https://cdn.tailwindcss.com&quot;&gt;&lt;/script&gt;\n    \n    &lt;!--\n      3. Configure Tailwind AFTER it loads\n    --&gt;\n    &lt;script&gt;\n      tailwind.config = {\n        darkMode: \'class\'\n      }\n    &lt;/script&gt;\n\n    &lt;script src=&quot;https://unpkg.com/htmx.org@2.0.0&quot;&gt;&lt;/script&gt;\n    &lt;script defer src=&quot;https://cdn.jsdelivr.net/npm/alpinejs@3.x.x/dist/cdn.min.js&quot;&gt;&lt;/s...\n                return `${MONTH_NAMES[date.getMonth()]} ${date.getDate()}, ${date.getFullYear()}`;\n            },\n\n            changeMonth(amount) {\n                this.month += amount;\n                if (this.month &lt; 0) {\n                    this.month = 11;\n                    this.year--;\n                } else if (this.month &gt; 11) {\n                    this.month = 0;\n                    this.year++;\n                }\n                this.getDaysInMonth();\n            }\n        }\n    }\n\n    function themeSwitcher() {\n        return {\n            // The initial state is based on the class set by the anti-flicker script.\n            darkMode: document.documentElement.classList.contains(\'dark\'),\n            toggle() {\n                this.darkMode = !this.darkMode;\n                localStorage.setItem(\'theme\', this.darkMode ? \'dark\' : \'light\');\n                if (this.darkMode) {\n                    document.documentElement.classList.add(\'dark\');\n                } else {\n                    document.documentElement.classList.remove(\'dark\');\n                }\n            }\n        }\n    }\n    &lt;/script&gt;\n\n    \n&lt;/body&gt;\n\n&lt;/html&gt;\n' or b'Mon Panier' in b'\n\n\n&lt;!DOCTYPE html&gt;\n&lt;html lang=&quot;en&quot;&gt;\n\n&lt;head&gt;\n    &lt;meta charset=&quot;UTF-8&quot;&gt;\n    &lt;meta name=&quot;viewport&quot; content=&quot;width=device-width, initial-scale=1.0&quot;&gt;\n    &lt;title&gt;AR - University Meal Ordering&lt;/title&gt;\n    &lt;link rel=&quot;icon&quot; href=&quot;data:;base64,iVBORw0KGgo=&quot;&gt;\n    \n    &lt;!--\n      1. This anti-flicker script runs immediately to set the \'dark\' class on the &lt;html&gt; element\n         based on localStorage before the page content renders.\n    --&gt;\n    &lt;script&gt;\n      if (localStorage.theme === \'dark\' || (!(\'theme\' in localStorage) &amp;&amp; window.matchMedia(\'(prefers-color-scheme: dark)\').matches)) {\n        document.documentElement.classList.add(\'dark\')\n      } else {\n        document.documentElement.classList.remove(\'dark\')\n      }\n    &lt;/script&gt;\n\n    &lt;!--\n      2. Load Tailwind CSS from CDN\n    --&gt;\n    &lt;script src=&quot;https://cdn.tailwindcss.com&quot;&gt;&lt;/script&gt;\n    \n    &lt;!--\n      3. Configure Tailwind AFTER it loads\n    --&gt;\n    &lt;script&gt;\n      tailwind.config = {\n        darkMode: \'class\'\n      }\n    &lt;/script&gt;\n\n    &lt;script src=&quot;https://unpkg.com/htmx.org@2.0.0&quot;&gt;&lt;/script&gt;\n    &lt;script defer src=&quot;https://cdn.jsdelivr.net/npm/alpinejs@3.x.x/dist/cdn.min.js&quot;&gt;&lt;/s...\n                return `${MONTH_NAMES[date.getMonth()]} ${date.getDate()}, ${date.getFullYear()}`;\n            },\n\n            changeMonth(amount) {\n                this.month += amount;\n                if (this.month &lt; 0) {\n                    this.month = 11;\n                    this.year--;\n                } else if (this.month &gt; 11) {\n                    this.month = 0;\n                    this.year++;\n                }\n                this.getDaysInMonth();\n            }\n        }\n    }\n\n    function themeSwitcher() {\n        return {\n            // The initial state is based on the class set by the anti-flicker script.\n            darkMode: document.documentElement.classList.contains(\'dark\'),\n            toggle() {\n                this.darkMode = !this.darkMode;\n                localStorage.setItem(\'theme\', this.darkMode ? \'dark\' : \'light\');\n                if (this.darkMode) {\n                    document.documentElement.classList.add(\'dark\');\n                } else {\n                    document.documentElement.classList.remove(\'dark\');\n                }\n            }\n        }\n    }\n    &lt;/script&gt;\n\n    \n&lt;/body&gt;\n\n&lt;/html&gt;\n')&#10; +  where b'\n\n\n&lt;!DOCTYPE html&gt;\n&lt;html lang=&quot;en&quot;&gt;\n\n&lt;head&gt;\n    &lt;meta charset=&quot;UTF-8&quot;&gt;\n    &lt;meta name=&quot;viewport&quot; content=&quot;width=device-width, initial-scale=1.0&quot;&gt;\n    &lt;title&gt;AR - University Meal Ordering&lt;/title&gt;\n    &lt;link rel=&quot;icon&quot; href=&quot;data:;base64,iVBORw0KGgo=&quot;&gt;\n    \n    &lt;!--\n      1. This anti-flicker script runs immediately to set the \'dark\' class on the &lt;html&gt; element\n         based on localStorage before the page content renders.\n    --&gt;\n    &lt;script&gt;\n      if (localStorage.theme === \'dark\' || (!(\'theme\' in localStorage) &amp;&amp; window.matchMedia(\'(prefers-color-scheme: dark)\').matches)) {\n        document.documentElement.classList.add(\'dark\')\n      } else {\n        document.documentElement.classList.remove(\'dark\')\n      }\n    &lt;/script&gt;\n\n    &lt;!--\n      2. Load Tailwind CSS from CDN\n    --&gt;\n    &lt;script src=&quot;https://cdn.tailwindcss.com&quot;&gt;&lt;/script&gt;\n    \n    &lt;!--\n      3. Configure Tailwind AFTER it loads\n    --&gt;\n    &lt;script&gt;\n      tailwind.config = {\n        darkMode: \'class\'\n      }\n    &lt;/script&gt;\n\n    &lt;script src=&quot;https://unpkg.com/htmx.org@2.0.0&quot;&gt;&lt;/script&gt;\n    &lt;script defer src=&quot;https://cdn.jsdelivr.net/npm/alpinejs@3.x.x/dist/cdn.min.js&quot;&gt;&lt;/s...\n                return `${MONTH_NAMES[date.getMonth()]} ${date.getDate()}, ${date.getFullYear()}`;\n            },\n\n            changeMonth(amount) {\n                this.month += amount;\n                if (this.month &lt; 0) {\n                    this.month = 11;\n                    this.year--;\n                } else if (this.month &gt; 11) {\n                    this.month = 0;\n                    this.year++;\n                }\n                this.getDaysInMonth();\n            }\n        }\n    }\n\n    function themeSwitcher() {\n        return {\n            // The initial state is based on the class set by the anti-flicker script.\n            darkMode: document.documentElement.classList.contains(\'dark\'),\n            toggle() {\n                this.darkMode = !this.darkMode;\n                localStorage.setItem(\'theme\', this.darkMode ? \'dark\' : \'light\');\n                if (this.darkMode) {\n                    document.documentElement.classList.add(\'dark\');\n                } else {\n                    document.documentElement.classList.remove(\'dark\');\n                }\n            }\n        }\n    }\n    &lt;/script&gt;\n\n    \n&lt;/body&gt;\n\n&lt;/html&gt;\n' = &lt;WrapperTestResponse 18632 bytes [200 OK]&gt;.data&#10; +  and   b'\n\n\n&lt;!DOCTYPE html&gt;\n&lt;html lang=&quot;en&quot;&gt;\n\n&lt;head&gt;\n    &lt;meta charset=&quot;UTF-8&quot;&gt;\n    &lt;meta name=&quot;viewport&quot; content=&quot;width=device-width, initial-scale=1.0&quot;&gt;\n    &lt;title&gt;AR - University Meal Ordering&lt;/title&gt;\n    &lt;link rel=&quot;icon&quot; href=&quot;data:;base64,iVBORw0KGgo=&quot;&gt;\n    \n    &lt;!--\n      1. This anti-flicker script runs immediately to set the \'dark\' class on the &lt;html&gt; element\n         based on localStorage before the page content renders.\n    --&gt;\n    &lt;script&gt;\n      if (localStorage.theme === \'dark\' || (!(\'theme\' in localStorage) &amp;&amp; window.matchMedia(\'(prefers-color-scheme: dark)\').matches)) {\n        document.documentElement.classList.add(\'dark\')\n      } else {\n        document.documentElement.classList.remove(\'dark\')\n      }\n    &lt;/script&gt;\n\n    &lt;!--\n      2. Load Tailwind CSS from CDN\n    --&gt;\n    &lt;script src=&quot;https://cdn.tailwindcss.com&quot;&gt;&lt;/script&gt;\n    \n    &lt;!--\n      3. Configure Tailwind AFTER it loads\n    --&gt;\n    &lt;script&gt;\n      tailwind.config = {\n        darkMode: \'class\'\n      }\n    &lt;/script&gt;\n\n    &lt;script src=&quot;https://unpkg.com/htmx.org@2.0.0&quot;&gt;&lt;/script&gt;\n    &lt;script defer src=&quot;https://cdn.jsdelivr.net/npm/alpinejs@3.x.x/dist/cdn.min.js&quot;&gt;&lt;/s...\n                return `${MONTH_NAMES[date.getMonth()]} ${date.getDate()}, ${date.getFullYear()}`;\n            },\n\n            changeMonth(amount) {\n                this.month += amount;\n                if (this.month &lt; 0) {\n                    this.month = 11;\n                    this.year--;\n                } else if (this.month &gt; 11) {\n                    this.month = 0;\n                    this.year++;\n                }\n                this.getDaysInMonth();\n            }\n        }\n    }\n\n    function themeSwitcher() {\n        return {\n            // The initial state is based on the class set by the anti-flicker script.\n            darkMode: document.documentElement.classList.contains(\'dark\'),\n            toggle() {\n                this.darkMode = !this.darkMode;\n                localStorage.setItem(\'theme\', this.darkMode ? \'dark\' : \'light\');\n                if (this.darkMode) {\n                    document.documentElement.classList.add(\'dark\');\n                } else {\n                    document.documentElement.classList.remove(\'dark\');\n                }\n            }\n        }\n    }\n    &lt;/script&gt;\n\n    \n&lt;/body&gt;\n\n&lt;/html&gt;\n' = &lt;WrapperTestResponse 18632 bytes [200 OK]&gt;.data&quot;">client = &lt;FlaskClient &lt;Flask 'app.controller.controller'&gt;&gt;

    @pytest.fixture
    def user_client(client):
        """
        Fixture PyTest qui retourne un client de test authentifié en tant qu'utilisateur standard.
        """
        user_credentials = {
            "username": "student1@example.com",
            "password": "pass123"
        }
        response = client.post("/login", data=user_credentials, follow_redirects=True)
    
        assert response.status_code == 200, "La connexion de l'utilisateur standard a échoué."
        # Un utilisateur standard doit atterrir sur le dashboard utilisateur
&gt;       assert b"Mon Tableau de Bord" in response.data or b"Mon Panier" in response.data, "La page après login ne semble pas être le dashboard utilisateur."
E       AssertionError: La page après login ne semble pas être le dashboard utilisateur.
E       assert (b'Mon Tableau de Bord' in b'\n\n\n&lt;!DOCTYPE html&gt;\n&lt;html lang="en"&gt;\n\n&lt;head&gt;\n    &lt;meta charset="UTF-8"&gt;\n    &lt;meta name="viewport" content="width=device-width, initial-scale=1.0"&gt;\n    &lt;title&gt;AR - University Meal Ordering&lt;/title&gt;\n    &lt;link rel="icon" href="data:;base64,iVBORw0KGgo="&gt;\n    \n    &lt;!--\n      1. This anti-flicker script runs immediately to set the \'dark\' class on the &lt;html&gt; element\n         based on localStorage before the page content renders.\n    --&gt;\n    &lt;script&gt;\n      if (localStorage.theme === \'dark\' || (!(\'theme\' in localStorage) &amp;&amp; window.matchMedia(\'(prefers-color-scheme: dark)\').matches)) {\n        document.documentElement.classList.add(\'dark\')\n      } else {\n        document.documentElement.classList.remove(\'dark\')\n      }\n    &lt;/script&gt;\n\n    &lt;!--\n      2. Load Tailwind CSS from CDN\n    --&gt;\n    &lt;script src="https://cdn.tailwindcss.com"&gt;&lt;/script&gt;\n    \n    &lt;!--\n      3. Configure Tailwind AFTER it loads\n    --&gt;\n    &lt;script&gt;\n      tailwind.config = {\n        darkMode: \'class\'\n      }\n    &lt;/script&gt;\n\n    &lt;script src="https://unpkg.com/htmx.org@2.0.0"&gt;&lt;/script&gt;\n    &lt;script defer src="https://cdn.jsdelivr.net/npm/alpinejs@3.x.x/dist/cdn.min.js"&gt;&lt;/s...\n                return `${MONTH_NAMES[date.getMonth()]} ${date.getDate()}, ${date.getFullYear()}`;\n            },\n\n            changeMonth(amount) {\n                this.month += amount;\n                if (this.month &lt; 0) {\n                    this.month = 11;\n                    this.year--;\n                } else if (this.month &gt; 11) {\n                    this.month = 0;\n                    this.year++;\n                }\n                this.getDaysInMonth();\n            }\n        }\n    }\n\n    function themeSwitcher() {\n        return {\n            // The initial state is based on the class set by the anti-flicker script.\n            darkMode: document.documentElement.classList.contains(\'dark\'),\n            toggle() {\n                this.darkMode = !this.darkMode;\n                localStorage.setItem(\'theme\', this.darkMode ? \'dark\' : \'light\');\n                if (this.darkMode) {\n                    document.documentElement.classList.add(\'dark\');\n                } else {\n                    document.documentElement.classList.remove(\'dark\');\n                }\n            }\n        }\n    }\n    &lt;/script&gt;\n\n    \n&lt;/body&gt;\n\n&lt;/html&gt;\n' or b'Mon Panier' in b'\n\n\n&lt;!DOCTYPE html&gt;\n&lt;html lang="en"&gt;\n\n&lt;head&gt;\n    &lt;meta charset="UTF-8"&gt;\n    &lt;meta name="viewport" content="width=device-width, initial-scale=1.0"&gt;\n    &lt;title&gt;AR - University Meal Ordering&lt;/title&gt;\n    &lt;link rel="icon" href="data:;base64,iVBORw0KGgo="&gt;\n    \n    &lt;!--\n      1. This anti-flicker script runs immediately to set the \'dark\' class on the &lt;html&gt; element\n         based on localStorage before the page content renders.\n    --&gt;\n    &lt;script&gt;\n      if (localStorage.theme === \'dark\' || (!(\'theme\' in localStorage) &amp;&amp; window.matchMedia(\'(prefers-color-scheme: dark)\').matches)) {\n        document.documentElement.classList.add(\'dark\')\n      } else {\n        document.documentElement.classList.remove(\'dark\')\n      }\n    &lt;/script&gt;\n\n    &lt;!--\n      2. Load Tailwind CSS from CDN\n    --&gt;\n    &lt;script src="https://cdn.tailwindcss.com"&gt;&lt;/script&gt;\n    \n    &lt;!--\n      3. Configure Tailwind AFTER it loads\n    --&gt;\n    &lt;script&gt;\n      tailwind.config = {\n        darkMode: \'class\'\n      }\n    &lt;/script&gt;\n\n    &lt;script src="https://unpkg.com/htmx.org@2.0.0"&gt;&lt;/script&gt;\n    &lt;script defer src="https://cdn.jsdelivr.net/npm/alpinejs@3.x.x/dist/cdn.min.js"&gt;&lt;/s...\n                return `${MONTH_NAMES[date.getMonth()]} ${date.getDate()}, ${date.getFullYear()}`;\n            },\n\n            changeMonth(amount) {\n                this.month += amount;\n                if (this.month &lt; 0) {\n                    this.month = 11;\n                    this.year--;\n                } else if (this.month &gt; 11) {\n                    this.month = 0;\n                    this.year++;\n                }\n                this.getDaysInMonth();\n            }\n        }\n    }\n\n    function themeSwitcher() {\n        return {\n            // The initial state is based on the class set by the anti-flicker script.\n            darkMode: document.documentElement.classList.contains(\'dark\'),\n            toggle() {\n                this.darkMode = !this.darkMode;\n                localStorage.setItem(\'theme\', this.darkMode ? \'dark\' : \'light\');\n                if (this.darkMode) {\n                    document.documentElement.classList.add(\'dark\');\n                } else {\n                    document.documentElement.classList.remove(\'dark\');\n                }\n            }\n        }\n    }\n    &lt;/script&gt;\n\n    \n&lt;/body&gt;\n\n&lt;/html&gt;\n')
E        +  where b'\n\n\n&lt;!DOCTYPE html&gt;\n&lt;html lang="en"&gt;\n\n&lt;head&gt;\n    &lt;meta charset="UTF-8"&gt;\n    &lt;meta name="viewport" content="width=device-width, initial-scale=1.0"&gt;\n    &lt;title&gt;AR - University Meal Ordering&lt;/title&gt;\n    &lt;link rel="icon" href="data:;base64,iVBORw0KGgo="&gt;\n    \n    &lt;!--\n      1. This anti-flicker script runs immediately to set the \'dark\' class on the &lt;html&gt; element\n         based on localStorage before the page content renders.\n    --&gt;\n    &lt;script&gt;\n      if (localStorage.theme === \'dark\' || (!(\'theme\' in localStorage) &amp;&amp; window.matchMedia(\'(prefers-color-scheme: dark)\').matches)) {\n        document.documentElement.classList.add(\'dark\')\n      } else {\n        document.documentElement.classList.remove(\'dark\')\n      }\n    &lt;/script&gt;\n\n    &lt;!--\n      2. Load Tailwind CSS from CDN\n    --&gt;\n    &lt;script src="https://cdn.tailwindcss.com"&gt;&lt;/script&gt;\n    \n    &lt;!--\n      3. Configure Tailwind AFTER it loads\n    --&gt;\n    &lt;script&gt;\n      tailwind.config = {\n        darkMode: \'class\'\n      }\n    &lt;/script&gt;\n\n    &lt;script src="https://unpkg.com/htmx.org@2.0.0"&gt;&lt;/script&gt;\n    &lt;script defer src="https://cdn.jsdelivr.net/npm/alpinejs@3.x.x/dist/cdn.min.js"&gt;&lt;/s...\n                return `${MONTH_NAMES[date.getMonth()]} ${date.getDate()}, ${date.getFullYear()}`;\n            },\n\n            changeMonth(amount) {\n                this.month += amount;\n                if (this.month &lt; 0) {\n                    this.month = 11;\n                    this.year--;\n                } else if (this.month &gt; 11) {\n                    this.month = 0;\n                    this.year++;\n                }\n                this.getDaysInMonth();\n            }\n        }\n    }\n\n    function themeSwitcher() {\n        return {\n            // The initial state is based on the class set by the anti-flicker script.\n            darkMode: document.documentElement.classList.contains(\'dark\'),\n            toggle() {\n                this.darkMode = !this.darkMode;\n                localStorage.setItem(\'theme\', this.darkMode ? \'dark\' : \'light\');\n                if (this.darkMode) {\n                    document.documentElement.classList.add(\'dark\');\n                } else {\n                    document.documentElement.classList.remove(\'dark\');\n                }\n            }\n        }\n    }\n    &lt;/script&gt;\n\n    \n&lt;/body&gt;\n\n&lt;/html&gt;\n' = &lt;WrapperTestResponse 18632 bytes [200 OK]&gt;.data
E        +  and   b'\n\n\n&lt;!DOCTYPE html&gt;\n&lt;html lang="en"&gt;\n\n&lt;head&gt;\n    &lt;meta charset="UTF-8"&gt;\n    &lt;meta name="viewport" content="width=device-width, initial-scale=1.0"&gt;\n    &lt;title&gt;AR - University Meal Ordering&lt;/title&gt;\n    &lt;link rel="icon" href="data:;base64,iVBORw0KGgo="&gt;\n    \n    &lt;!--\n      1. This anti-flicker script runs immediately to set the \'dark\' class on the &lt;html&gt; element\n         based on localStorage before the page content renders.\n    --&gt;\n    &lt;script&gt;\n      if (localStorage.theme === \'dark\' || (!(\'theme\' in localStorage) &amp;&amp; window.matchMedia(\'(prefers-color-scheme: dark)\').matches)) {\n        document.documentElement.classList.add(\'dark\')\n      } else {\n        document.documentElement.classList.remove(\'dark\')\n      }\n    &lt;/script&gt;\n\n    &lt;!--\n      2. Load Tailwind CSS from CDN\n    --&gt;\n    &lt;script src="https://cdn.tailwindcss.com"&gt;&lt;/script&gt;\n    \n    &lt;!--\n      3. Configure Tailwind AFTER it loads\n    --&gt;\n    &lt;script&gt;\n      tailwind.config = {\n        darkMode: \'class\'\n      }\n    &lt;/script&gt;\n\n    &lt;script src="https://unpkg.com/htmx.org@2.0.0"&gt;&lt;/script&gt;\n    &lt;script defer src="https://cdn.jsdelivr.net/npm/alpinejs@3.x.x/dist/cdn.min.js"&gt;&lt;/s...\n                return `${MONTH_NAMES[date.getMonth()]} ${date.getDate()}, ${date.getFullYear()}`;\n            },\n\n            changeMonth(amount) {\n                this.month += amount;\n                if (this.month &lt; 0) {\n                    this.month = 11;\n                    this.year--;\n                } else if (this.month &gt; 11) {\n                    this.month = 0;\n                    this.year++;\n                }\n                this.getDaysInMonth();\n            }\n        }\n    }\n\n    function themeSwitcher() {\n        return {\n            // The initial state is based on the class set by the anti-flicker script.\n            darkMode: document.documentElement.classList.contains(\'dark\'),\n            toggle() {\n                this.darkMode = !this.darkMode;\n                localStorage.setItem(\'theme\', this.darkMode ? \'dark\' : \'light\');\n                if (this.darkMode) {\n                    document.documentElement.classList.add(\'dark\');\n                } else {\n                    document.documentElement.classList.remove(\'dark\');\n                }\n            }\n        }\n    }\n    &lt;/script&gt;\n\n    \n&lt;/body&gt;\n\n&lt;/html&gt;\n' = &lt;WrapperTestResponse 18632 bytes [200 OK]&gt;.data

tests/test-python/controller/test_api_auth.py:27: AssertionError</error></testcase><testcase classname="tests.test-python.controller.test_api_auth" name="test_api_user_access_is_granted[Lister les caf\xe9t\xe9rias]" time="0.350"><error message="failed on setup with &quot;AssertionError: La page après login ne semble pas être le dashboard utilisateur.&#10;assert (b'Mon Tableau de Bord' in b'\n\n\n&lt;!DOCTYPE html&gt;\n&lt;html lang=&quot;en&quot;&gt;\n\n&lt;head&gt;\n    &lt;meta charset=&quot;UTF-8&quot;&gt;\n    &lt;meta name=&quot;viewport&quot; content=&quot;width=device-width, initial-scale=1.0&quot;&gt;\n    &lt;title&gt;AR - University Meal Ordering&lt;/title&gt;\n    &lt;link rel=&quot;icon&quot; href=&quot;data:;base64,iVBORw0KGgo=&quot;&gt;\n    \n    &lt;!--\n      1. This anti-flicker script runs immediately to set the \'dark\' class on the &lt;html&gt; element\n         based on localStorage before the page content renders.\n    --&gt;\n    &lt;script&gt;\n      if (localStorage.theme === \'dark\' || (!(\'theme\' in localStorage) &amp;&amp; window.matchMedia(\'(prefers-color-scheme: dark)\').matches)) {\n        document.documentElement.classList.add(\'dark\')\n      } else {\n        document.documentElement.classList.remove(\'dark\')\n      }\n    &lt;/script&gt;\n\n    &lt;!--\n      2. Load Tailwind CSS from CDN\n    --&gt;\n    &lt;script src=&quot;https://cdn.tailwindcss.com&quot;&gt;&lt;/script&gt;\n    \n    &lt;!--\n      3. Configure Tailwind AFTER it loads\n    --&gt;\n    &lt;script&gt;\n      tailwind.config = {\n        darkMode: \'class\'\n      }\n    &lt;/script&gt;\n\n    &lt;script src=&quot;https://unpkg.com/htmx.org@2.0.0&quot;&gt;&lt;/script&gt;\n    &lt;script defer src=&quot;https://cdn.jsdelivr.net/npm/alpinejs@3.x.x/dist/cdn.min.js&quot;&gt;&lt;/s...\n                return `${MONTH_NAMES[date.getMonth()]} ${date.getDate()}, ${date.getFullYear()}`;\n            },\n\n            changeMonth(amount) {\n                this.month += amount;\n                if (this.month &lt; 0) {\n                    this.month = 11;\n                    this.year--;\n                } else if (this.month &gt; 11) {\n                    this.month = 0;\n                    this.year++;\n                }\n                this.getDaysInMonth();\n            }\n        }\n    }\n\n    function themeSwitcher() {\n        return {\n            // The initial state is based on the class set by the anti-flicker script.\n            darkMode: document.documentElement.classList.contains(\'dark\'),\n            toggle() {\n                this.darkMode = !this.darkMode;\n                localStorage.setItem(\'theme\', this.darkMode ? \'dark\' : \'light\');\n                if (this.darkMode) {\n                    document.documentElement.classList.add(\'dark\');\n                } else {\n                    document.documentElement.classList.remove(\'dark\');\n                }\n            }\n        }\n    }\n    &lt;/script&gt;\n\n    \n&lt;/body&gt;\n\n&lt;/html&gt;\n' or b'Mon Panier' in b'\n\n\n&lt;!DOCTYPE html&gt;\n&lt;html lang=&quot;en&quot;&gt;\n\n&lt;head&gt;\n    &lt;meta charset=&quot;UTF-8&quot;&gt;\n    &lt;meta name=&quot;viewport&quot; content=&quot;width=device-width, initial-scale=1.0&quot;&gt;\n    &lt;title&gt;AR - University Meal Ordering&lt;/title&gt;\n    &lt;link rel=&quot;icon&quot; href=&quot;data:;base64,iVBORw0KGgo=&quot;&gt;\n    \n    &lt;!--\n      1. This anti-flicker script runs immediately to set the \'dark\' class on the &lt;html&gt; element\n         based on localStorage before the page content renders.\n    --&gt;\n    &lt;script&gt;\n      if (localStorage.theme === \'dark\' || (!(\'theme\' in localStorage) &amp;&amp; window.matchMedia(\'(prefers-color-scheme: dark)\').matches)) {\n        document.documentElement.classList.add(\'dark\')\n      } else {\n        document.documentElement.classList.remove(\'dark\')\n      }\n    &lt;/script&gt;\n\n    &lt;!--\n      2. Load Tailwind CSS from CDN\n    --&gt;\n    &lt;script src=&quot;https://cdn.tailwindcss.com&quot;&gt;&lt;/script&gt;\n    \n    &lt;!--\n      3. Configure Tailwind AFTER it loads\n    --&gt;\n    &lt;script&gt;\n      tailwind.config = {\n        darkMode: \'class\'\n      }\n    &lt;/script&gt;\n\n    &lt;script src=&quot;https://unpkg.com/htmx.org@2.0.0&quot;&gt;&lt;/script&gt;\n    &lt;script defer src=&quot;https://cdn.jsdelivr.net/npm/alpinejs@3.x.x/dist/cdn.min.js&quot;&gt;&lt;/s...\n                return `${MONTH_NAMES[date.getMonth()]} ${date.getDate()}, ${date.getFullYear()}`;\n            },\n\n            changeMonth(amount) {\n                this.month += amount;\n                if (this.month &lt; 0) {\n                    this.month = 11;\n                    this.year--;\n                } else if (this.month &gt; 11) {\n                    this.month = 0;\n                    this.year++;\n                }\n                this.getDaysInMonth();\n            }\n        }\n    }\n\n    function themeSwitcher() {\n        return {\n            // The initial state is based on the class set by the anti-flicker script.\n            darkMode: document.documentElement.classList.contains(\'dark\'),\n            toggle() {\n                this.darkMode = !this.darkMode;\n                localStorage.setItem(\'theme\', this.darkMode ? \'dark\' : \'light\');\n                if (this.darkMode) {\n                    document.documentElement.classList.add(\'dark\');\n                } else {\n                    document.documentElement.classList.remove(\'dark\');\n                }\n            }\n        }\n    }\n    &lt;/script&gt;\n\n    \n&lt;/body&gt;\n\n&lt;/html&gt;\n')&#10; +  where b'\n\n\n&lt;!DOCTYPE html&gt;\n&lt;html lang=&quot;en&quot;&gt;\n\n&lt;head&gt;\n    &lt;meta charset=&quot;UTF-8&quot;&gt;\n    &lt;meta name=&quot;viewport&quot; content=&quot;width=device-width, initial-scale=1.0&quot;&gt;\n    &lt;title&gt;AR - University Meal Ordering&lt;/title&gt;\n    &lt;link rel=&quot;icon&quot; href=&quot;data:;base64,iVBORw0KGgo=&quot;&gt;\n    \n    &lt;!--\n      1. This anti-flicker script runs immediately to set the \'dark\' class on the &lt;html&gt; element\n         based on localStorage before the page content renders.\n    --&gt;\n    &lt;script&gt;\n      if (localStorage.theme === \'dark\' || (!(\'theme\' in localStorage) &amp;&amp; window.matchMedia(\'(prefers-color-scheme: dark)\').matches)) {\n        document.documentElement.classList.add(\'dark\')\n      } else {\n        document.documentElement.classList.remove(\'dark\')\n      }\n    &lt;/script&gt;\n\n    &lt;!--\n      2. Load Tailwind CSS from CDN\n    --&gt;\n    &lt;script src=&quot;https://cdn.tailwindcss.com&quot;&gt;&lt;/script&gt;\n    \n    &lt;!--\n      3. Configure Tailwind AFTER it loads\n    --&gt;\n    &lt;script&gt;\n      tailwind.config = {\n        darkMode: \'class\'\n      }\n    &lt;/script&gt;\n\n    &lt;script src=&quot;https://unpkg.com/htmx.org@2.0.0&quot;&gt;&lt;/script&gt;\n    &lt;script defer src=&quot;https://cdn.jsdelivr.net/npm/alpinejs@3.x.x/dist/cdn.min.js&quot;&gt;&lt;/s...\n                return `${MONTH_NAMES[date.getMonth()]} ${date.getDate()}, ${date.getFullYear()}`;\n            },\n\n            changeMonth(amount) {\n                this.month += amount;\n                if (this.month &lt; 0) {\n                    this.month = 11;\n                    this.year--;\n                } else if (this.month &gt; 11) {\n                    this.month = 0;\n                    this.year++;\n                }\n                this.getDaysInMonth();\n            }\n        }\n    }\n\n    function themeSwitcher() {\n        return {\n            // The initial state is based on the class set by the anti-flicker script.\n            darkMode: document.documentElement.classList.contains(\'dark\'),\n            toggle() {\n                this.darkMode = !this.darkMode;\n                localStorage.setItem(\'theme\', this.darkMode ? \'dark\' : \'light\');\n                if (this.darkMode) {\n                    document.documentElement.classList.add(\'dark\');\n                } else {\n                    document.documentElement.classList.remove(\'dark\');\n                }\n            }\n        }\n    }\n    &lt;/script&gt;\n\n    \n&lt;/body&gt;\n\n&lt;/html&gt;\n' = &lt;WrapperTestResponse 18632 bytes [200 OK]&gt;.data&#10; +  and   b'\n\n\n&lt;!DOCTYPE html&gt;\n&lt;html lang=&quot;en&quot;&gt;\n\n&lt;head&gt;\n    &lt;meta charset=&quot;UTF-8&quot;&gt;\n    &lt;meta name=&quot;viewport&quot; content=&quot;width=device-width, initial-scale=1.0&quot;&gt;\n    &lt;title&gt;AR - University Meal Ordering&lt;/title&gt;\n    &lt;link rel=&quot;icon&quot; href=&quot;data:;base64,iVBORw0KGgo=&quot;&gt;\n    \n    &lt;!--\n      1. This anti-flicker script runs immediately to set the \'dark\' class on the &lt;html&gt; element\n         based on localStorage before the page content renders.\n    --&gt;\n    &lt;script&gt;\n      if (localStorage.theme === \'dark\' || (!(\'theme\' in localStorage) &amp;&amp; window.matchMedia(\'(prefers-color-scheme: dark)\').matches)) {\n        document.documentElement.classList.add(\'dark\')\n      } else {\n        document.documentElement.classList.remove(\'dark\')\n      }\n    &lt;/script&gt;\n\n    &lt;!--\n      2. Load Tailwind CSS from CDN\n    --&gt;\n    &lt;script src=&quot;https:/
[...]
                break
            time.sleep(self._poll)
&gt;       raise TimeoutException(message, screen, stacktrace)
E       selenium.common.exceptions.TimeoutException: Message: 
E       Stacktrace:
E       RemoteError@chrome://remote/content/shared/RemoteError.sys.mjs:8:8
E       WebDriverError@chrome://remote/content/shared/webdriver/Errors.sys.mjs:199:5
E       NoSuchElementError@chrome://remote/content/shared/webdriver/Errors.sys.mjs:552:5
E       dom.find/&lt;/&lt;@chrome://remote/content/shared/DOM.sys.mjs:136:16

../../../.pyenv/versions/3.13.3/envs/devenvone/lib/python3.13/site-packages/selenium/webdriver/support/wait.py:138: TimeoutException</failure></testcase><testcase classname="tests.test-python.selenium-e2e.test_admin_user_management.TestAdminUserManagement" name="test_admin_full_user_lifecycle" time="5.360" /><testcase classname="tests.test-python.selenium-e2e.test_combined_scenarios" name="test_create_user" time="0.462" /><testcase classname="tests.test-python.selenium-e2e.test_combined_scenarios" name="test_update_user" time="0.344" /><testcase classname="tests.test-python.selenium-e2e.test_combined_scenarios" name="test_delete_user" time="0.348" /><testcase classname="tests.test-python.selenium-e2e.test_combined_scenarios" name="test_unique_email_constraint" time="0.392" /><testcase classname="tests.test-python.selenium-e2e.test_combined_scenarios" name="test_app_user_get_all_dicts" time="0.378" /><testcase classname="tests.test-python.selenium-e2e.test_combined_scenarios" name="test_create_cafeteria" time="0.292" /><testcase classname="tests.test-python.selenium-e2e.test_combined_scenarios" name="test_update_cafeteria" time="0.292" /><testcase classname="tests.test-python.selenium-e2e.test_combined_scenarios" name="test_delete_cafeteria" time="0.291" /><testcase classname="tests.test-python.selenium-e2e.test_combined_scenarios" name="test_cafeteria_get_all_dicts" time="0.289" /><testcase classname="tests.test-python.selenium-e2e.test_combined_scenarios" name="test_create_dish" time="0.287" /><testcase classname="tests.test-python.selenium-e2e.test_combined_scenarios" name="test_update_from_dict" time="0.292" /><testcase classname="tests.test-python.selenium-e2e.test_combined_scenarios" name="test_delete_dish" time="0.288" /><testcase classname="tests.test-python.selenium-e2e.test_combined_scenarios" name="test_get_all_dishes_as_dicts" time="0.288" /><testcase classname="tests.test-python.selenium-e2e.test_combined_scenarios" name="test_dish_delete_fails_if_in_use_by_menu_item" time="0.301" /><testcase classname="tests.test-python.selenium-e2e.test_combined_scenarios" name="test_create_menu" time="0.288" /><testcase classname="tests.test-python.selenium-e2e.test_combined_scenarios" name="test_update_menu" time="0.293" /><testcase classname="tests.test-python.selenium-e2e.test_combined_scenarios" name="test_delete_menu" time="0.291" /><testcase classname="tests.test-python.selenium-e2e.test_combined_scenarios" name="test_create_menu_item" time="0.292" /><testcase classname="tests.test-python.selenium-e2e.test_combined_scenarios" name="test_update_menu_item" time="0.289" /><testcase classname="tests.test-python.selenium-e2e.test_combined_scenarios" name="test_delete_menu_item" time="0.291" /><testcase classname="tests.test-python.selenium-e2e.test_combined_scenarios" name="test_create_reservation" time="0.335" /><testcase classname="tests.test-python.selenium-e2e.test_combined_scenarios" name="test_update_reservation" time="0.332" /><testcase classname="tests.test-python.selenium-e2e.test_combined_scenarios" name="test_delete_reservation" time="0.335" /><testcase classname="tests.test-python.selenium-e2e.test_combined_scenarios" name="test_create_order_item" time="0.335" /><testcase classname="tests.test-python.selenium-e2e.test_combined_scenarios" name="test_update_order_item" time="0.338" /><testcase classname="tests.test-python.selenium-e2e.test_combined_scenarios" name="test_delete_order_item" time="0.336" /><testcase classname="tests.test-python.selenium-e2e.test_combined_scenarios" name="test_api_unauthenticated_access_is_denied[GET__user__(Liste tous les utilisateurs)]" time="0.289" /><testcase classname="tests.test-python.selenium-e2e.test_combined_scenarios" name="test_api_unauthenticated_access_is_denied[GET__user_1_(R\xe9cup\xe9rer un utilisateur par ID)]" time="0.287" /><testcase classname="tests.test-python.selenium-e2e.test_combined_scenarios" name="test_api_unauthenticated_access_is_denied[POST__user__(Cr\xe9er un utilisateur)]" time="0.289" /><testcase classname="tests.test-python.selenium-e2e.test_combined_scenarios" name="test_api_unauthenticated_access_is_denied[PUT__user_1_(Modifier un utilisateur)]" time="0.294" /><testcase classname="tests.test-python.selenium-e2e.test_combined_scenarios" name="test_api_unauthenticated_access_is_denied[DELETE__user_1_(Supprimer un utilisateur)]" time="0.289" /><testcase classname="tests.test-python.selenium-e2e.test_combined_scenarios" name="test_api_unauthenticated_access_is_denied[POST__user_balance_(Ajouter de l'argent au solde)]" time="0.288" /><testcase classname="tests.test-python.selenium-e2e.test_combined_scenarios" name="test_api_unauthenticated_access_is_denied[GET__cafeteria__(Lister les caf\xe9t\xe9rias)]" time="0.287" /><testcase classname="tests.test-python.selenium-e2e.test_combined_scenarios" name="test_api_unauthenticated_access_is_denied[GET__cafeteria_1_(R\xe9cup\xe9rer une caf\xe9t\xe9ria par ID)]" time="0.289" /><testcase classname="tests.test-python.selenium-e2e.test_combined_scenarios" name="test_api_unauthenticated_access_is_denied[POST__cafeteria__(Cr\xe9er une caf\xe9t\xe9ria)]" time="0.290" /><testcase classname="tests.test-python.selenium-e2e.test_combined_scenarios" name="test_api_unauthenticated_access_is_denied[PUT__cafeteria_1_(Modifier une caf\xe9t\xe9ria)]" time="0.293" /><testcase classname="tests.test-python.selenium-e2e.test_combined_scenarios" name="test_api_unauthenticated_access_is_denied[DELETE__cafeteria_1_(Supprimer une caf\xe9t\xe9ria)]" time="0.288" /><testcase classname="tests.test-python.selenium-e2e.test_combined_scenarios" name="test_api_unauthenticated_access_is_denied[GET__dish__(Lister les plats)]" time="0.289" /><testcase classname="tests.test-python.selenium-e2e.test_combined_scenarios" name="test_api_unauthenticated_access_is_denied[GET__dish_1_(R\xe9cup\xe9rer un plat par ID)]" time="0.287" /><testcase classname="tests.test-python.selenium-e2e.test_combined_scenarios" name="test_api_unauthenticated_access_is_denied[POST__dish__(Cr\xe9er un plat)]" time="0.358" /><testcase classname="tests.test-python.selenium-e2e.test_combined_scenarios" name="test_api_unauthenticated_access_is_denied[PUT__dish_1_(Modifier un plat)]" time="0.287" /><testcase classname="tests.test-python.selenium-e2e.test_combined_scenarios" name="test_api_unauthenticated_access_is_denied[DELETE__dish_1_(Supprimer un plat)]" time="0.292" /><testcase classname="tests.test-python.selenium-e2e.test_combined_scenarios" name="test_api_unauthenticated_access_is_denied[GET__daily-menu__(Lister tous les menus)]" time="0.298" /><testcase classname="tests.test-python.selenium-e2e.test_combined_scenarios" name="test_api_unauthenticated_access_is_denied[GET__daily-menu_1_(R\xe9cup\xe9rer un menu par ID)]" time="0.288" /><testcase classname="tests.test-python.selenium-e2e.test_combined_scenarios" name="test_api_unauthenticated_access_is_denied[GET__daily-menu_by-cafeteria_1_(R\xe9cup\xe9rer un menu par caf\xe9t\xe9ria)]" time="0.291" /><testcase classname="tests.test-python.selenium-e2e.test_combined_scenarios" name="test_api_unauthenticated_access_is_denied[POST__daily-menu__(Cr\xe9er un menu)]" time="0.289" /><testcase classname="tests.test-python.selenium-e2e.test_combined_scenarios" name="test_api_unauthenticated_access_is_denied[PUT__daily-menu_1_(Modifier un menu)]" time="0.292" /><testcase classname="tests.test-python.selenium-e2e.test_combined_scenarios" name="test_api_unauthenticated_access_is_denied[DELETE__daily-menu_1_(Supprimer un menu)]" time="0.287" /><testcase classname="tests.test-python.selenium-e2e.test_combined_scenarios" name="test_api_unauthenticated_access_is_denied[GET__daily-menu-item_by-menu_1_(Lister les items d'un menu)]" time="0.290" /><testcase classname="tests.test-python.selenium-e2e.test_combined_scenarios" name="test_api_unauthenticated_access_is_denied[POST__daily-menu-item__(Ajouter un item \xe0 un menu)]" time="0.288" /><testcase classname="tests.test-python.selenium-e2e.test_combined_scenarios" name="test_api_unauthenticated_access_is_denied[PUT__daily-menu-item_1_(Modifier un item de menu)]" time="0.303" /><testcase classname="tests.test-python.selenium-e2e.test_combined_scenarios" name="test_api_unauthenticated_access_is_denied[DELETE__daily-menu-item_1_(Supprimer un item de menu)]" time="0.290" /><testcase classname="tests.test-python.selenium-e2e.test_combined_scenarios" name="test_api_unauthenticated_access_is_denied[GET__order-item__(Lister les items de commande)]" time="0.295" /><testcase classname="tests.test-python.selenium-e2e.test_combined_scenarios" name="test_api_unauthenticated_access_is_denied[GET__order-item_1_(R\xe9cup\xe9rer un item de commande par ID)]" time="0.294" /><testcase classname="tests.test-python.selenium-e2e.test_combined_scenarios" name="test_api_unauthenticated_access_is_denied[DELETE__order-item_1_(Supprimer un item de commande)]" time="0.288" /><testcase classname="tests.test-python.selenium-e2e.test_combined_scenarios" name="test_api_unauthenticated_access_is_denied[GET__reservations__(Lister les r\xe9servations)]" time="0.291" /><testcase classname="tests.test-python.selenium-e2e.test_combined_scenarios" name="test_api_unauthenticated_access_is_denied[POST__reservations__(Cr\xe9er une r\xe9servation)]" time="0.289" /><testcase classname="tests.test-python.selenium-e2e.test_combined_scenarios" name="test_api_unauthenticated_access_is_denied[GET__reservations_1_(R\xe9cup\xe9rer une r\xe9servation par ID)]" time="0.288" /><testcase classname="tests.test-python.selenium-e2e.test_combined_scenarios" name="test_api_unauthenticated_access_is_denied[PUT__reservations_1_cancel_(Annuler une r\xe9servation)]" time="0.294" /><testcase classname="tests.test-python.selenium-e2e.test_combined_scenarios.TestUserManagementScenario" name="test_complete_user_lifecycle" time="0.672" /><testcase classname="tests.test-python.selenium-e2e.test_combined_scenarios.TestCafeteriaManagementScenario" name="test_complete_cafeteria_lifecycle" time="0.293" /><testcase classname="tests.test-python.selenium-e2e.test_combined_scenarios.TestMenuManagementScenario" name="test_complete_menu_creation_workflow" time="0.292" /><testcase classname="tests.test-python.selenium-e2e.test_combined_scenarios.TestOrderWorkflowScenario" name="test_complete_order_workflow" time="0.689" /><testcase classname="tests.test-python.selenium-e2e.test_combined_scenarios.TestSecurityAndAuthScenario" name="test_unauthenticated_access_security[endpoint_subset0]" time="0.297" /><testcase classname="tests.test-python.selenium-e2e.test_combined_scenarios.TestDataIntegrityScenario" name="test_referential_integrity_workflow" time="0.553" /><testcase classname="tests.test-python.selenium-e2e.test_combined_scenarios.TestSystemIntegrationScenario" name="test_full_system_integration" time="0.778" /><testcase classname="tests.test-python.selenium-e2e.test_loginAdminLogOut.TestLoginAdminLogOut" name="test_loginAdminLogOut" time="2.790" /><testcase classname="tests.test-python.selenium-e2e.test_orderfoodinthepast.TestOrderfoodinthepast" name="test_orderfoodinthepast" time="2.614"><failure message="selenium.common.exceptions.NoSuchElementException: Message: Unable to locate element: Kafeteria; For documentation on this error, please visit: https://www.selenium.dev/documentation/webdriver/troubleshooting/errors#nosuchelementexception&#10;Stacktrace:&#10;RemoteError@chrome://remote/content/shared/RemoteError.sys.mjs:8:8&#10;WebDriverError@chrome://remote/content/shared/webdriver/Errors.sys.mjs:199:5&#10;NoSuchElementError@chrome://remote/content/shared/webdriver/Errors.sys.mjs:552:5&#10;dom.find/&lt;/&lt;@chrome://remote/content/shared/DOM.sys.mjs:136:16">self = &lt;test_orderfoodinthepast.TestOrderfoodinthepast object at 0x109b7fb10&gt;

    def test_orderfoodinthepast(self):
      self.driver.get("http://localhost:8081/login")
      self.driver.set_window_size(1512, 888)
      self.driver.find_element(By.ID, "username").click()
      self.driver.find_element(By.ID, "username").send_keys("student1@example.com")
      self.driver.find_element(By.ID, "password").send_keys("pass123")
      self.driver.find_element(By.ID, "password").send_keys(Keys.ENTER)
&gt;     self.driver.find_element(By.LINK_TEXT, "Kafeteria").click()
      ^^^^^^^^^^^^^^^^^^^^^^^^^^^^^^^^^^^^^^^^^^^^^^^^^^^

tests/test-python/selenium-e2e/test_orderfoodinthepast.py:28: 
_ _ _ _ _ _ _ _ _ _ _ _ _ _ _ _ _ _ _ _ _ _ _ _ _ _ _ _ _ _ _ _ _ _ _ _ _ _ _ _ 
../../../.pyenv/versions/3.13.3/envs/devenvone/lib/python3.13/site-packages/selenium/webdriver/remote/webdriver.py:922: in find_element
    return self.execute(Command.FIND_ELEMENT, {"using": by, "value": value})["value"]
           ^^^^^^^^^^^^^^^^^^^^^^^^^^^^^^^^^^^^^^^^^^^^^^^^^^^^^^^^^^^^^^^^^
../../../.pyenv/versions/3.13.3/envs/devenvone/lib/python3.13/site-packages/selenium/webdriver/remote/webdriver.py:454: in execute
    self.error_handler.check_response(response)
_ _ _ _ _ _ _ _ _ _ _ _ _ _ _ _ _ _ _ _ _ _ _ _ _ _ _ _ _ _ _ _ _ _ _ _ _ _ _ _ 

self = &lt;selenium.webdriver.remote.errorhandler.ErrorHandler object at 0x10cd16c40&gt;
response = {'status': 404, 'value': '{"value":{"error":"no such element","message":"Unable to locate element: Kafeteria","stacktr.../content/shared/webdriver/Errors.sys.mjs:552:5\\ndom.find/&lt;/&lt;@chrome://remote/content/shared/DOM.sys.mjs:136:16\\n"}}'}

    def check_response(self, response: dict[str, Any]) -&gt; None:
        """Checks that a JSON response from the WebDriver does not have an
        error.
    
        :Args:
         - response - The JSON response from the WebDriver server as a dictionary
           object.
    
        :Raises: If the response contains an error message.
        """
        status = response.get("status", None)
        if not status or status == ErrorCode.SUCCESS:
            return
        value = None
        message = response.get("message", "")
        screen: str = response.get("screen", "")
        stacktrace = None
        if isinstance(status, int):
            value_json = response.get("value", None)
            if value_json and isinstance(value_json, str):
                try:
                    value = json.loads(value_json)
                    if isinstance(value, dict):
                        if len(value) == 1:
                            value = value["value"]
                        status = value.get("error", None)
                        if not status:
                            status = value.get("status", ErrorCode.UNKNOWN_ERROR)
                            message = value.get("value") or value.get("message")
                            if not isinstance(message, str):
                                value = message
                                message = message.get("message")
                        else:
                            message = value.get("message", None)
                except ValueError:
                    pass
    
        exception_class: type[WebDriverException]
        e = ErrorCode()
        error_codes = [item for item in dir(e) if not item.startswith("__")]
        for error_code in error_codes:
            error_info = getattr(ErrorCode, error_code)
            if isinstance(error_info, list) and status in error_info:
                exception_class = getattr(ExceptionMapping, error_code, WebDriverException)
                break
        else:
            exception_class = WebDriverException
    
        if not value:
            value = response["value"]
        if isinstance(value, str):
            raise exception_class(value)
        if message == "" and "message" in value:
            message = value["message"]
    
        screen = None  # type: ignore[assignment]
        if "screen" in value:
            screen = value["screen"]
    
        stacktrace = None
        st_value = value.get("stackTrace") or value.get("stacktrace")
        if st_value:
            if isinstance(st_value, str):
                stacktrace = st_value.split("\n")
            else:
                stacktrace = []
                try:
                    for frame in st_value:
                        line = frame.get("lineNumber", "")
                        file = frame.get("fileName", "&lt;anonymous&gt;")
                        if line:
                            file = f"{file}:{line}"
                        meth = frame.get("methodName", "&lt;anonymous&gt;")
                        if "className" in frame:
                            meth = f"{frame['className']}.{meth}"
                        msg = "    at %s (%s)"
                        msg = msg % (meth, file)
                        stacktrace.append(msg)
                except TypeError:
                    pass
        if exception_class == UnexpectedAlertPresentException:
            alert_text = None
            if "data" in value:
                alert_text = value["data"].get("text")
            elif "alert" in value:
                alert_text = value["alert"].get("text")
            raise exception_class(message, screen, stacktrace, alert_text)  # type: ignore[call-arg]  # mypy is not smart enough here
&gt;       raise exception_class(message, screen, stacktrace)
E       selenium.common.exceptions.NoSuchElementException: Message: Unable to locate element: Kafeteria; For documentation on this error, please visit: https://www.selenium.dev/documentation/webdriver/troubleshooting/errors#nosuchelementexception
E       Stacktrace:
E       RemoteError@chrome://remote/content/shared/RemoteError.sys.mjs:8:8
E       WebDriverError@chrome://remote/content/shared/webdriver/Errors.sys.mjs:199:5
E       NoSuchElementError@chrome://remote/content/shared/webdriver/Errors.sys.mjs:552:5
E       dom.find/&lt;/&lt;@chrome://remote/content/shared/DOM.sys.mjs:136:16

../../../.pyenv/versions/3.13.3/envs/devenvone/lib/python3.13/site-packages/selenium/webdriver/remote/errorhandler.py:232: NoSuchElementException</failure></testcase><testcase classname="tests.test-python.selenium-e2e.test_student_order_history.TestStudentOrderHistory" name="test_student_filter_order_history" time="3.568"><failure message="assert 0 &gt; 0&#10; +  where 0 = len([])">self = &lt;test_student_order_history.TestStudentOrderHistory object at 0x109b7f890&gt;

    def test_student_filter_order_history(self):
      driver = self.driver
    
      driver.get("http://localhost:8081/login")
      driver.find_element(By.ID, "username").send_keys("jakub.novak@example.com")
      driver.find_element(By.ID, "password").send_keys("pass123")
      driver.find_element(By.CSS_SELECTOR, "button[type='submit']").click()
    
      WebDriverWait(driver, 10).until(EC.presence_of_element_located((By.LINK_TEXT, "Order History")))
    
      driver.find_element(By.LINK_TEXT, "Order History").click()
      WebDriverWait(driver, 10).until(EC.presence_of_element_located((By.ID, "orders-list-content")))
    
      initial_orders = driver.find_elements(By.XPATH, "//*[@id='orders-list-content']//h3[contains(text(), 'Order #')]")
&gt;     assert len(initial_orders) &gt; 0
E     assert 0 &gt; 0
E      +  where 0 = len([])

tests/test-python/selenium-e2e/test_student_order_history.py:31: AssertionError</failure></testcase><testcase classname="tests.test-python.selenium-e2e.test_student_top_up_balance.TestStudentBalance" name="test_student_balance_top_up" time="3.660" /></testsuite></testsuites>